2018-08-13 14:59:02 [scrapy.utils.log] INFO: Scrapy 1.4.0 started (bot: tv66ys)
2018-08-13 14:59:02 [scrapy.utils.log] INFO: Overridden settings: {'NEWSPIDER_MODULE': 'tv66ys.spiders', 'FEED_URI': 'shujv.json', 'LOG_LEVEL': 'INFO', 'SPIDER_MODULES': ['tv66ys.spiders'], 'BOT_NAME': 'tv66ys', 'ROBOTSTXT_OBEY': True, 'FEED_FORMAT': 'json', 'LOG_FILE': 'mySpider.log'}
2018-08-13 14:59:02 [py.warnings] WARNING: D:\Python27\lib\importlib\__init__.py:37: ScrapyDeprecationWarning: Module `scrapy.contrib.exporter` is deprecated, use `scrapy.exporters` instead
  __import__(name)

2018-08-13 14:59:02 [scrapy.middleware] INFO: Enabled extensions:
['scrapy.extensions.feedexport.FeedExporter',
 'scrapy.extensions.logstats.LogStats',
 'scrapy.extensions.telnet.TelnetConsole',
 'scrapy.extensions.corestats.CoreStats']
2018-08-13 14:59:03 [scrapy.middleware] INFO: Enabled downloader middlewares:
['scrapy.downloadermiddlewares.robotstxt.RobotsTxtMiddleware',
 'scrapy.downloadermiddlewares.httpauth.HttpAuthMiddleware',
 'scrapy.downloadermiddlewares.downloadtimeout.DownloadTimeoutMiddleware',
 'tv66ys.middlewares.MyUserAgentMiddleware',
 'scrapy.downloadermiddlewares.defaultheaders.DefaultHeadersMiddleware',
 'scrapy.downloadermiddlewares.useragent.UserAgentMiddleware',
 'scrapy.downloadermiddlewares.retry.RetryMiddleware',
 'scrapy.downloadermiddlewares.redirect.MetaRefreshMiddleware',
 'scrapy.downloadermiddlewares.httpcompression.HttpCompressionMiddleware',
 'scrapy.downloadermiddlewares.redirect.RedirectMiddleware',
 'scrapy.downloadermiddlewares.cookies.CookiesMiddleware',
 'scrapy.downloadermiddlewares.httpproxy.HttpProxyMiddleware',
 'scrapy.downloadermiddlewares.stats.DownloaderStats']
2018-08-13 14:59:03 [scrapy.middleware] INFO: Enabled spider middlewares:
['scrapy.spidermiddlewares.httperror.HttpErrorMiddleware',
 'scrapy.spidermiddlewares.offsite.OffsiteMiddleware',
 'scrapy.spidermiddlewares.referer.RefererMiddleware',
 'scrapy.spidermiddlewares.urllength.UrlLengthMiddleware',
 'scrapy.spidermiddlewares.depth.DepthMiddleware']
2018-08-13 14:59:03 [scrapy.middleware] INFO: Enabled item pipelines:
['tv66ys.pipelines.Tv66YsPipeline']
2018-08-13 14:59:03 [scrapy.core.engine] INFO: Spider opened
2018-08-13 14:59:03 [scrapy.extensions.logstats] INFO: Crawled 0 pages (at 0 pages/min), scraped 0 items (at 0 items/min)
2018-08-13 14:59:04 [scrapy.spidermiddlewares.httperror] INFO: Ignoring response <404 https://www.66ys.tv/index.html>: HTTP status code is not handled or not allowed
2018-08-13 14:59:05 [root] ERROR: not all arguments converted during string formatting
2018-08-13 14:59:05 [root] ERROR: not all arguments converted during string formatting
2018-08-13 14:59:05 [scrapy.core.engine] INFO: Closing spider (finished)
2018-08-13 14:59:05 [scrapy.extensions.feedexport] INFO: Stored json feed (2 items) in: shujv.json
2018-08-13 14:59:05 [scrapy.statscollectors] INFO: Dumping Scrapy stats:
{'downloader/request_bytes': 3549,
 'downloader/request_count': 12,
 'downloader/request_method_count/GET': 12,
 'downloader/response_bytes': 50538,
 'downloader/response_count': 12,
 'downloader/response_status_count/200': 4,
 'downloader/response_status_count/301': 6,
 'downloader/response_status_count/404': 2,
 'finish_reason': 'finished',
 'finish_time': datetime.datetime(2018, 8, 13, 6, 59, 5, 327000),
 'httperror/response_ignored_count': 1,
 'httperror/response_ignored_status_count/404': 1,
 'item_scraped_count': 2,
 'log_count/ERROR': 2,
 'log_count/INFO': 9,
 'log_count/WARNING': 1,
 'request_depth_max': 2,
 'response_received_count': 6,
 'scheduler/dequeued': 10,
 'scheduler/dequeued/memory': 10,
 'scheduler/enqueued': 10,
 'scheduler/enqueued/memory': 10,
 'start_time': datetime.datetime(2018, 8, 13, 6, 59, 3, 618000)}
2018-08-13 14:59:05 [scrapy.core.engine] INFO: Spider closed (finished)
2018-08-13 15:00:05 [scrapy.utils.log] INFO: Scrapy 1.4.0 started (bot: tv66ys)
2018-08-13 15:00:05 [scrapy.utils.log] INFO: Overridden settings: {'NEWSPIDER_MODULE': 'tv66ys.spiders', 'FEED_URI': 'shujv.json', 'LOG_LEVEL': 'INFO', 'SPIDER_MODULES': ['tv66ys.spiders'], 'BOT_NAME': 'tv66ys', 'ROBOTSTXT_OBEY': True, 'FEED_FORMAT': 'json', 'LOG_FILE': 'mySpider.log'}
2018-08-13 15:00:05 [py.warnings] WARNING: D:\Python27\lib\importlib\__init__.py:37: ScrapyDeprecationWarning: Module `scrapy.contrib.exporter` is deprecated, use `scrapy.exporters` instead
  __import__(name)

2018-08-13 15:00:05 [scrapy.middleware] INFO: Enabled extensions:
['scrapy.extensions.feedexport.FeedExporter',
 'scrapy.extensions.logstats.LogStats',
 'scrapy.extensions.telnet.TelnetConsole',
 'scrapy.extensions.corestats.CoreStats']
2018-08-13 15:00:06 [scrapy.middleware] INFO: Enabled downloader middlewares:
['scrapy.downloadermiddlewares.robotstxt.RobotsTxtMiddleware',
 'scrapy.downloadermiddlewares.httpauth.HttpAuthMiddleware',
 'scrapy.downloadermiddlewares.downloadtimeout.DownloadTimeoutMiddleware',
 'tv66ys.middlewares.MyUserAgentMiddleware',
 'scrapy.downloadermiddlewares.defaultheaders.DefaultHeadersMiddleware',
 'scrapy.downloadermiddlewares.useragent.UserAgentMiddleware',
 'scrapy.downloadermiddlewares.retry.RetryMiddleware',
 'scrapy.downloadermiddlewares.redirect.MetaRefreshMiddleware',
 'scrapy.downloadermiddlewares.httpcompression.HttpCompressionMiddleware',
 'scrapy.downloadermiddlewares.redirect.RedirectMiddleware',
 'scrapy.downloadermiddlewares.cookies.CookiesMiddleware',
 'scrapy.downloadermiddlewares.httpproxy.HttpProxyMiddleware',
 'scrapy.downloadermiddlewares.stats.DownloaderStats']
2018-08-13 15:00:06 [scrapy.middleware] INFO: Enabled spider middlewares:
['scrapy.spidermiddlewares.httperror.HttpErrorMiddleware',
 'scrapy.spidermiddlewares.offsite.OffsiteMiddleware',
 'scrapy.spidermiddlewares.referer.RefererMiddleware',
 'scrapy.spidermiddlewares.urllength.UrlLengthMiddleware',
 'scrapy.spidermiddlewares.depth.DepthMiddleware']
2018-08-13 15:00:06 [scrapy.middleware] INFO: Enabled item pipelines:
['tv66ys.pipelines.Tv66YsPipeline']
2018-08-13 15:00:06 [scrapy.core.engine] INFO: Spider opened
2018-08-13 15:00:06 [scrapy.extensions.logstats] INFO: Crawled 0 pages (at 0 pages/min), scraped 0 items (at 0 items/min)
2018-08-13 15:00:07 [scrapy.spidermiddlewares.httperror] INFO: Ignoring response <404 https://www.66ys.tv/index.html>: HTTP status code is not handled or not allowed
2018-08-13 15:00:08 [root] ERROR: not all arguments converted during string formatting
2018-08-13 15:00:08 [root] ERROR: not all arguments converted during string formatting
2018-08-13 15:00:08 [scrapy.core.engine] INFO: Closing spider (finished)
2018-08-13 15:00:08 [scrapy.extensions.feedexport] INFO: Stored json feed (2 items) in: shujv.json
2018-08-13 15:00:08 [scrapy.statscollectors] INFO: Dumping Scrapy stats:
{'downloader/request_bytes': 3670,
 'downloader/request_count': 12,
 'downloader/request_method_count/GET': 12,
 'downloader/response_bytes': 50538,
 'downloader/response_count': 12,
 'downloader/response_status_count/200': 4,
 'downloader/response_status_count/301': 6,
 'downloader/response_status_count/404': 2,
 'finish_reason': 'finished',
 'finish_time': datetime.datetime(2018, 8, 13, 7, 0, 8, 266000),
 'httperror/response_ignored_count': 1,
 'httperror/response_ignored_status_count/404': 1,
 'item_scraped_count': 2,
 'log_count/ERROR': 2,
 'log_count/INFO': 9,
 'log_count/WARNING': 1,
 'request_depth_max': 2,
 'response_received_count': 6,
 'scheduler/dequeued': 10,
 'scheduler/dequeued/memory': 10,
 'scheduler/enqueued': 10,
 'scheduler/enqueued/memory': 10,
 'start_time': datetime.datetime(2018, 8, 13, 7, 0, 6, 568000)}
2018-08-13 15:00:08 [scrapy.core.engine] INFO: Spider closed (finished)
