2018-09-19 09:27:35,355 - kuaidi100.py[line:107] - INFO: start
2018-09-19 09:27:35,562 - kuaidi100.py[line:107] - INFO: sleep 3.84500692373s
2018-09-19 09:27:41,786 - kuaidi100.py[line:109] - ERROR: (1064, "You have an error in your SQL syntax; check the manual that corresponds to your MySQL server version for the right syntax to use near '/a>9296 limit 1' at line 1")
2018-09-19 09:27:41,823 - kuaidi100.py[line:107] - INFO: sleep 3.93506136987s
2018-09-19 09:27:48,128 - kuaidi100.py[line:107] - INFO: Get express information success,number=668976089805
2018-09-19 09:27:49,654 - kuaidi100.py[line:107] - INFO: sleep 0.903453308214s
2018-09-19 09:27:53,224 - kuaidi100.py[line:107] - INFO: Get express information success,number=668976094327
2018-09-19 09:27:54,762 - kuaidi100.py[line:107] - INFO: sleep 1.56570563176s
2018-09-19 09:27:58,665 - kuaidi100.py[line:107] - INFO: Get express information success,number=668976031318
2018-09-19 09:28:00,507 - kuaidi100.py[line:107] - INFO: sleep 0.0805378102115s
2018-09-19 09:28:02,993 - kuaidi100.py[line:107] - INFO: Get express information success,number=668976330495
2018-09-19 09:28:04,569 - kuaidi100.py[line:107] - INFO: sleep 2.59023995058s
2018-09-19 09:28:09,549 - kuaidi100.py[line:107] - INFO: Phone number duplication,number
2018-09-19 09:28:09,568 - kuaidi100.py[line:107] - INFO: Get express information success,number=668976216944
2018-09-19 09:28:11,164 - kuaidi100.py[line:107] - INFO: sleep 1.38961915507s
2018-09-19 09:28:15,404 - kuaidi100.py[line:107] - INFO: Phone number duplication,number
2018-09-19 09:28:15,421 - kuaidi100.py[line:107] - INFO: Get express information success,number=668976740130
2018-09-19 09:28:16,970 - kuaidi100.py[line:107] - INFO: sleep 1.16375555292s
2018-09-19 09:28:21,025 - kuaidi100.py[line:107] - INFO: Get express information success,number=668976805811
2018-09-19 09:28:22,569 - kuaidi100.py[line:107] - INFO: sleep 0.324497443214s
2018-09-19 09:28:25,619 - kuaidi100.py[line:107] - INFO: Phone number duplication,number
2018-09-19 09:28:25,641 - kuaidi100.py[line:107] - INFO: Get express information success,number=668976144780
2018-09-19 09:28:27,187 - kuaidi100.py[line:107] - INFO: sleep 1.895582478s
2018-09-19 09:28:31,420 - kuaidi100.py[line:107] - INFO: Phone number duplication,number
2018-09-19 09:28:31,438 - kuaidi100.py[line:107] - INFO: Get express information success,number=668976622349
2018-09-19 09:28:32,971 - kuaidi100.py[line:107] - INFO: sleep 0.352686865646s
2018-09-19 09:28:35,614 - kuaidi100.py[line:107] - INFO: Get express information success,number=668976411619
2018-09-19 09:28:37,164 - kuaidi100.py[line:107] - INFO: sleep 2.97606987088s
2018-09-19 09:28:42,980 - kuaidi100.py[line:107] - INFO: Get express information success,number=668976352933
2018-09-19 09:28:44,598 - kuaidi100.py[line:107] - INFO: sleep 3.1181579463s
2018-09-19 09:28:50,426 - kuaidi100.py[line:107] - INFO: Phone number duplication,number
2018-09-19 09:28:50,444 - kuaidi100.py[line:107] - INFO: Get express information success,number=668976409681
2018-09-19 09:28:51,992 - kuaidi100.py[line:107] - INFO: sleep 2.9606867318s
2018-09-19 09:28:57,289 - kuaidi100.py[line:107] - INFO: Get express information success,number=668976214768
2018-09-19 09:28:58,809 - kuaidi100.py[line:107] - INFO: sleep 2.6346027008s
2018-09-19 09:29:04,151 - kuaidi100.py[line:107] - INFO: Phone number duplication,number
2018-09-19 09:29:04,174 - kuaidi100.py[line:107] - INFO: Get express information success,number=668976192319
2018-09-19 09:29:05,697 - kuaidi100.py[line:107] - INFO: sleep 0.693609916885s
2018-09-19 09:29:09,167 - kuaidi100.py[line:107] - INFO: Get express information success,number=668976813287
2018-09-19 09:29:10,721 - kuaidi100.py[line:107] - INFO: sleep 2.25393341526s
2018-09-19 09:29:15,740 - kuaidi100.py[line:107] - INFO: Get express information success,number=668976384054
2018-09-19 09:29:17,263 - kuaidi100.py[line:107] - INFO: sleep 2.94503940454s
2018-09-19 09:29:22,529 - kuaidi100.py[line:107] - INFO: Phone number duplication,number
2018-09-19 09:29:22,540 - kuaidi100.py[line:107] - INFO: Get express information success,number=668976039744
2018-09-19 09:29:24,276 - kuaidi100.py[line:107] - INFO: sleep 1.36106920293s
2018-09-19 09:29:28,390 - kuaidi100.py[line:107] - INFO: Phone number duplication,number
2018-09-19 09:29:28,404 - kuaidi100.py[line:107] - INFO: Get express information success,number=668976582120
2018-09-19 09:29:29,947 - kuaidi100.py[line:107] - INFO: sleep 3.69719748438s
2018-09-19 09:29:36,398 - kuaidi100.py[line:107] - INFO: Get express information success,number=668976239658
2018-09-19 09:29:37,918 - kuaidi100.py[line:107] - INFO: sleep 1.66545351778s
2018-09-19 09:29:42,128 - kuaidi100.py[line:107] - INFO: Get express information success,number=668976083551
2018-09-19 09:29:43,661 - kuaidi100.py[line:107] - INFO: sleep 0.610988826619s
2018-09-19 09:29:46,515 - kuaidi100.py[line:107] - INFO: The express number(668976468173) is invalid.
2018-09-19 09:29:48,065 - kuaidi100.py[line:107] - INFO: sleep 0.467920317893s
2018-09-19 09:29:51,319 - kuaidi100.py[line:107] - INFO: Phone number duplication,number
2018-09-19 09:29:51,329 - kuaidi100.py[line:107] - INFO: Get express information success,number=668976956134
2018-09-19 09:29:52,858 - kuaidi100.py[line:107] - INFO: sleep 1.78159849775s
2018-09-19 09:29:57,032 - kuaidi100.py[line:107] - INFO: Get express information success,number=668976205562
2018-09-19 09:29:58,572 - kuaidi100.py[line:107] - INFO: sleep 2.02045322497s
2018-09-19 09:30:03,450 - kuaidi100.py[line:107] - INFO: Get express information success,number=668976429425
2018-09-19 09:30:04,979 - kuaidi100.py[line:107] - INFO: sleep 0.755351856737s
2018-09-19 09:30:08,361 - kuaidi100.py[line:107] - INFO: Get express information success,number=668976836251
2018-09-19 09:30:09,905 - kuaidi100.py[line:107] - INFO: sleep 0.214572683941s
2018-09-19 09:30:12,941 - kuaidi100.py[line:107] - INFO: Get express information success,number=668976918547
2018-09-19 09:30:14,499 - kuaidi100.py[line:107] - INFO: sleep 1.37532427924s
2018-09-19 09:30:18,756 - kuaidi100.py[line:107] - INFO: Get express information success,number=668976488969
2018-09-19 09:30:20,312 - kuaidi100.py[line:107] - INFO: sleep 3.6206920052s
2018-09-19 09:30:26,509 - kuaidi100.py[line:107] - INFO: Phone number duplication,number
2018-09-19 09:30:26,525 - kuaidi100.py[line:107] - INFO: Get express information success,number=668976053639
2018-09-19 09:30:28,094 - kuaidi100.py[line:107] - INFO: sleep 3.27106029727s
2018-09-19 09:30:33,809 - kuaidi100.py[line:107] - INFO: Phone number duplication,number
2018-09-19 09:30:33,822 - kuaidi100.py[line:107] - INFO: Get express information success,number=668976659952
2018-09-19 09:30:35,437 - kuaidi100.py[line:107] - INFO: sleep 1.99233516672s
2018-09-19 09:30:40,308 - kuaidi100.py[line:107] - INFO: Get express information success,number=668976561845
2018-09-19 09:30:41,960 - kuaidi100.py[line:107] - INFO: sleep 0.972174056475s
2018-09-19 09:30:45,793 - kuaidi100.py[line:107] - INFO: Get express information success,number=668976592348
2018-09-19 09:30:47,384 - kuaidi100.py[line:107] - INFO: sleep 3.52651660201s
2018-09-19 09:30:53,763 - kuaidi100.py[line:107] - INFO: Phone number duplication,number
2018-09-19 09:30:53,785 - kuaidi100.py[line:107] - INFO: Get express information success,number=668976048496
2018-09-19 09:30:55,387 - kuaidi100.py[line:107] - INFO: sleep 2.5431103837s
2018-09-19 09:31:00,816 - kuaidi100.py[line:107] - INFO: Get express information success,number=668976947812
2018-09-19 09:31:02,778 - kuaidi100.py[line:107] - INFO: sleep 2.81265980631s
2018-09-19 09:31:08,411 - kuaidi100.py[line:107] - INFO: Phone number duplication,number
2018-09-19 09:31:08,431 - kuaidi100.py[line:107] - INFO: Get express information success,number=668976196346
2018-09-19 09:31:10,007 - kuaidi100.py[line:107] - INFO: sleep 1.8202334551s
2018-09-19 09:31:14,160 - kuaidi100.py[line:107] - INFO: Phone number duplication,number
2018-09-19 09:31:14,178 - kuaidi100.py[line:107] - INFO: Get express information success,number=668976978455
2018-09-19 09:31:15,714 - kuaidi100.py[line:107] - INFO: sleep 3.26520728932s
2018-09-19 09:31:21,680 - kuaidi100.py[line:107] - INFO: Phone number duplication,number
2018-09-19 09:31:21,697 - kuaidi100.py[line:107] - INFO: Get express information success,number=668976893003
2018-09-19 09:31:23,233 - kuaidi100.py[line:107] - INFO: sleep 1.49857791974s
2018-09-19 09:31:27,539 - kuaidi100.py[line:107] - INFO: Get express information success,number=668976576001
2018-09-19 09:31:29,068 - kuaidi100.py[line:107] - INFO: sleep 1.82000800101s
2018-09-19 09:31:33,572 - kuaidi100.py[line:107] - INFO: Phone number duplication,number
2018-09-19 09:31:33,589 - kuaidi100.py[line:107] - INFO: Get express information success,number=668976730619
2018-09-19 09:31:34,963 - kuaidi100.py[line:107] - INFO: sleep 3.82310027148s
2018-09-19 09:31:41,578 - kuaidi100.py[line:107] - INFO: Phone number duplication,number
2018-09-19 09:31:41,592 - kuaidi100.py[line:107] - INFO: Get express information success,number=668976593171
2018-09-19 09:31:43,164 - kuaidi100.py[line:107] - INFO: sleep 3.60610373842s
2018-09-19 09:31:49,572 - kuaidi100.py[line:107] - INFO: The express number(668976885595) is invalid.
2018-09-19 09:31:51,144 - kuaidi100.py[line:107] - INFO: sleep 2.05395584657s
2018-09-19 09:31:56,046 - kuaidi100.py[line:107] - INFO: Get express information success,number=668976117304
2018-09-19 09:31:57,618 - kuaidi100.py[line:107] - INFO: sleep 2.97922324349s
2018-09-19 09:32:02,957 - kuaidi100.py[line:107] - INFO: Phone number duplication,number
2018-09-19 09:32:02,973 - kuaidi100.py[line:107] - INFO: Get express information success,number=668976096720
2018-09-19 09:32:04,539 - kuaidi100.py[line:107] - INFO: sleep 0.515347573747s
2018-09-19 09:32:08,302 - kuaidi100.py[line:107] - INFO: Phone number duplication,number
2018-09-19 09:32:08,321 - kuaidi100.py[line:107] - INFO: Get express information success,number=668976639700
2018-09-19 09:32:09,862 - kuaidi100.py[line:107] - INFO: sleep 0.332491015106s
2018-09-19 09:32:13,453 - kuaidi100.py[line:107] - INFO: Phone number duplication,number
2018-09-19 09:32:13,471 - kuaidi100.py[line:107] - INFO: Get express information success,number=668976875728
2018-09-19 09:32:15,003 - kuaidi100.py[line:107] - INFO: sleep 0.890394464585s
2018-09-19 09:32:18,759 - kuaidi100.py[line:107] - INFO: Get express information success,number=668976344739
2018-09-19 09:32:20,335 - kuaidi100.py[line:107] - INFO: sleep 3.98252768841s
2018-09-19 09:32:27,092 - kuaidi100.py[line:107] - INFO: Phone number duplication,number
2018-09-19 09:32:27,111 - kuaidi100.py[line:107] - INFO: Get express information success,number=668976152330
2018-09-19 09:32:28,670 - kuaidi100.py[line:107] - INFO: sleep 1.67938026025s
2018-09-19 09:32:33,148 - kuaidi100.py[line:107] - INFO: Get express information success,number=668976917866
2018-09-19 09:32:34,674 - kuaidi100.py[line:107] - INFO: sleep 1.7530873807s
2018-09-19 09:32:39,253 - kuaidi100.py[line:107] - INFO: Phone number duplication,number
2018-09-19 09:32:39,272 - kuaidi100.py[line:107] - INFO: Get express information success,number=668976786735
2018-09-19 09:32:40,888 - kuaidi100.py[line:107] - INFO: sleep 3.93150364218s
2018-09-19 09:32:47,644 - kuaidi100.py[line:107] - INFO: Phone number duplication,number
2018-09-19 09:32:47,665 - kuaidi100.py[line:107] - INFO: Get express information success,number=668976978570
2018-09-19 09:32:49,230 - kuaidi100.py[line:107] - INFO: sleep 3.35209796128s
2018-09-19 09:32:55,364 - kuaidi100.py[line:107] - INFO: Phone number duplication,number
2018-09-19 09:32:55,384 - kuaidi100.py[line:107] - INFO: Get express information success,number=668976342403
2018-09-19 09:32:56,918 - kuaidi100.py[line:107] - INFO: sleep 0.901217581663s
2018-09-19 09:33:00,223 - kuaidi100.py[line:109] - ERROR: (1064, "You have an error in your SQL syntax; check the manual that corresponds to your MySQL server version for the right syntax to use near '/a>31 limit 1' at line 1")
2018-09-19 09:33:00,259 - kuaidi100.py[line:107] - INFO: sleep 0.794419701281s
2018-09-19 09:33:03,888 - kuaidi100.py[line:107] - INFO: Get express information success,number=668976250460
2018-09-19 09:33:05,496 - kuaidi100.py[line:107] - INFO: sleep 1.78869648771s
2018-09-19 09:33:09,746 - kuaidi100.py[line:107] - INFO: Get express information success,number=668976773778
2018-09-19 09:33:11,285 - kuaidi100.py[line:107] - INFO: sleep 1.7884168569s
2018-09-19 09:33:15,871 - kuaidi100.py[line:107] - INFO: Get express information success,number=668976075785
2018-09-19 09:33:17,410 - kuaidi100.py[line:107] - INFO: sleep 2.50408740439s
2018-09-19 09:33:22,733 - kuaidi100.py[line:107] - INFO: Phone number duplication,number
2018-09-19 09:33:22,746 - kuaidi100.py[line:107] - INFO: Get express information success,number=668976026959
2018-09-19 09:33:24,270 - kuaidi100.py[line:107] - INFO: sleep 3.37642259328s
2018-09-19 09:33:30,486 - kuaidi100.py[line:107] - INFO: Get express information success,number=668976376247
2018-09-19 09:33:32,000 - kuaidi100.py[line:107] - INFO: sleep 0.832631433257s
2018-09-19 09:33:35,240 - kuaidi100.py[line:107] - INFO: Phone number duplication,number
2018-09-19 09:33:35,260 - kuaidi100.py[line:107] - INFO: Get express information success,number=668976942471
2018-09-19 09:33:36,832 - kuaidi100.py[line:107] - INFO: sleep 3.42895472689s
2018-09-19 09:33:43,088 - kuaidi100.py[line:107] - INFO: Get express information success,number=668976030993
2018-09-19 09:33:44,638 - kuaidi100.py[line:107] - INFO: sleep 3.6925535912s
2018-09-19 09:33:50,763 - kuaidi100.py[line:107] - INFO: Get express information success,number=668976168401
2018-09-19 09:33:52,328 - kuaidi100.py[line:107] - INFO: sleep 1.73627979967s
2018-09-19 09:33:56,851 - kuaidi100.py[line:107] - INFO: Get express information success,number=668976198721
2018-09-19 09:33:58,549 - kuaidi100.py[line:107] - INFO: sleep 1.95253890796s
2018-09-19 09:34:03,325 - kuaidi100.py[line:107] - INFO: Get express information success,number=668976488286
2018-09-19 09:34:04,851 - kuaidi100.py[line:107] - INFO: sleep 3.72455212841s
2018-09-19 09:34:11,365 - kuaidi100.py[line:107] - INFO: Get express information success,number=668976531099
2018-09-19 09:34:12,964 - kuaidi100.py[line:107] - INFO: sleep 3.37505426396s
2018-09-19 09:34:19,196 - kuaidi100.py[line:107] - INFO: Get express information success,number=668976626815
2018-09-19 09:34:20,730 - kuaidi100.py[line:107] - INFO: sleep 0.694598540864s
2018-09-19 09:34:24,267 - kuaidi100.py[line:107] - INFO: Get express information success,number=668976576144
2018-09-19 09:34:25,789 - kuaidi100.py[line:107] - INFO: sleep 3.07383238298s
2018-09-19 09:34:31,744 - kuaidi100.py[line:107] - INFO: Phone number duplication,number
2018-09-19 09:34:31,760 - kuaidi100.py[line:107] - INFO: Get express information success,number=668976746934
2018-09-19 09:34:33,331 - kuaidi100.py[line:107] - INFO: sleep 0.760615330985s
2018-09-19 09:34:36,543 - kuaidi100.py[line:107] - INFO: Phone number duplication,number
2018-09-19 09:34:36,563 - kuaidi100.py[line:107] - INFO: Get express information success,number=668976650468
2018-09-19 09:34:38,111 - kuaidi100.py[line:107] - INFO: sleep 3.2671244926s
2018-09-19 09:34:44,210 - kuaidi100.py[line:107] - INFO: Phone number duplication,number
2018-09-19 09:34:44,224 - kuaidi100.py[line:107] - INFO: Get express information success,number=668976902097
2018-09-19 09:34:45,747 - kuaidi100.py[line:107] - INFO: sleep 3.81850562967s
2018-09-19 09:34:52,348 - kuaidi100.py[line:109] - ERROR: (1064, "You have an error in your SQL syntax; check the manual that corresponds to your MySQL server version for the right syntax to use near '/a>2294 limit 1' at line 1")
2018-09-19 09:34:52,391 - kuaidi100.py[line:107] - INFO: sleep 0.002496105639s
2018-09-19 09:34:55,224 - kuaidi100.py[line:107] - INFO: Get express information success,number=668976636090
2018-09-19 09:34:56,770 - kuaidi100.py[line:107] - INFO: sleep 2.71078872367s
2018-09-19 09:35:02,349 - kuaidi100.py[line:107] - INFO: Get express information success,number=668976836669
2018-09-19 09:35:03,980 - kuaidi100.py[line:107] - INFO: sleep 1.00379295956s
2018-09-19 09:35:07,788 - kuaidi100.py[line:107] - INFO: Phone number duplication,number
2018-09-19 09:35:07,806 - kuaidi100.py[line:107] - INFO: Get express information success,number=668976486533
2018-09-19 09:35:09,321 - kuaidi100.py[line:107] - INFO: sleep 2.74674749682s
2018-09-19 09:35:14,838 - kuaidi100.py[line:107] - INFO: Phone number duplication,number
2018-09-19 09:35:14,849 - kuaidi100.py[line:107] - INFO: Get express information success,number=668976856150
2018-09-19 09:35:16,459 - kuaidi100.py[line:107] - INFO: sleep 1.9655232912s
2018-09-19 09:35:21,160 - kuaidi100.py[line:107] - INFO: Phone number duplication,number
2018-09-19 09:35:21,177 - kuaidi100.py[line:107] - INFO: Get express information success,number=668976777801
2018-09-19 09:35:22,753 - kuaidi100.py[line:107] - INFO: sleep 2.02882188217s
2018-09-19 09:35:27,615 - kuaidi100.py[line:107] - INFO: Get express information success,number=668976691823
2018-09-19 09:35:29,178 - kuaidi100.py[line:107] - INFO: sleep 2.82596443167s
2018-09-19 09:35:34,645 - kuaidi100.py[line:107] - INFO: Get express information success,number=668976761757
2018-09-19 09:35:36,191 - kuaidi100.py[line:107] - INFO: sleep 3.30628152584s
2018-09-19 09:35:42,263 - kuaidi100.py[line:107] - INFO: Get express information success,number=668976453622
2018-09-19 09:35:43,887 - kuaidi100.py[line:107] - INFO: sleep 1.64306873557s
2018-09-19 09:35:48,371 - kuaidi100.py[line:107] - INFO: Get express information success,number=668976727737
2018-09-19 09:35:49,917 - kuaidi100.py[line:107] - INFO: sleep 0.219877375707s
2018-09-19 09:35:52,884 - kuaidi100.py[line:107] - INFO: Phone number duplication,number
2018-09-19 09:35:52,904 - kuaidi100.py[line:107] - INFO: Get express information success,number=668976725279
2018-09-19 09:35:54,509 - kuaidi100.py[line:107] - INFO: sleep 1.75012368293s
2018-09-19 09:35:59,078 - kuaidi100.py[line:107] - INFO: Get express information success,number=668976605171
2018-09-19 09:36:00,691 - kuaidi100.py[line:107] - INFO: sleep 2.10774087779s
2018-09-19 09:36:05,612 - kuaidi100.py[line:107] - INFO: Get express information success,number=668976616839
2018-09-19 09:36:07,150 - kuaidi100.py[line:107] - INFO: sleep 0.182222956915s
2018-09-19 09:36:10,170 - kuaidi100.py[line:107] - INFO: Get express information success,number=668976926565
2018-09-19 09:36:11,729 - kuaidi100.py[line:107] - INFO: sleep 2.55840957549s
2018-09-19 09:36:17,096 - kuaidi100.py[line:107] - INFO: Phone number duplication,number
2018-09-19 09:36:17,112 - kuaidi100.py[line:107] - INFO: Get express information success,number=668976719457
2018-09-19 09:36:18,683 - kuaidi100.py[line:107] - INFO: sleep 1.23069200065s
2018-09-19 09:36:22,683 - kuaidi100.py[line:107] - INFO: Phone number duplication,number
2018-09-19 09:36:22,701 - kuaidi100.py[line:107] - INFO: Get express information success,number=668976038764
2018-09-19 09:36:24,250 - kuaidi100.py[line:107] - INFO: sleep 1.183031399s
2018-09-19 09:36:27,798 - kuaidi100.py[line:107] - INFO: Get express information success,number=668976652555
2018-09-19 09:36:29,365 - kuaidi100.py[line:107] - INFO: sleep 0.628768328768s
2018-09-19 09:36:32,809 - kuaidi100.py[line:107] - INFO: Phone number duplication,number
2018-09-19 09:36:32,823 - kuaidi100.py[line:107] - INFO: Get express information success,number=668976160424
2018-09-19 09:36:34,392 - kuaidi100.py[line:107] - INFO: sleep 3.87809944088s
2018-09-19 09:36:40,589 - kuaidi100.py[line:107] - INFO: Phone number duplication,number
2018-09-19 09:36:40,608 - kuaidi100.py[line:107] - INFO: Get express information success,number=668976543489
2018-09-19 09:36:42,154 - kuaidi100.py[line:107] - INFO: sleep 3.72748864768s
2018-09-19 09:36:48,713 - kuaidi100.py[line:107] - INFO: Get express information success,number=668976706693
2018-09-19 09:36:50,279 - kuaidi100.py[line:107] - INFO: sleep 2.64718392656s
2018-09-19 09:36:55,517 - kuaidi100.py[line:107] - INFO: Phone number duplication,number
2018-09-19 09:36:55,529 - kuaidi100.py[line:107] - INFO: Get express information success,number=668976867481
2018-09-19 09:36:57,069 - kuaidi100.py[line:107] - INFO: sleep 3.77763146244s
2018-09-19 09:37:03,654 - kuaidi100.py[line:107] - INFO: Phone number duplication,number
2018-09-19 09:37:03,673 - kuaidi100.py[line:107] - INFO: Get express information success,number=668976425119
2018-09-19 09:37:05,230 - kuaidi100.py[line:107] - INFO: sleep 3.14345930766s
2018-09-19 09:37:11,183 - kuaidi100.py[line:107] - INFO: Phone number duplication,number
2018-09-19 09:37:11,200 - kuaidi100.py[line:107] - INFO: Get express information success,number=668976360011
2018-09-19 09:37:12,766 - kuaidi100.py[line:107] - INFO: sleep 2.73500521708s
2018-09-19 09:37:18,332 - kuaidi100.py[line:107] - INFO: Get express information success,number=668976925428
2018-09-19 09:37:19,855 - kuaidi100.py[line:107] - INFO: sleep 2.02763171397s
2018-09-19 09:37:24,713 - kuaidi100.py[line:107] - INFO: Get express information success,number=668976702105
2018-09-19 09:37:26,276 - kuaidi100.py[line:107] - INFO: sleep 3.45019080731s
2018-09-19 09:37:32,552 - kuaidi100.py[line:107] - INFO: Get express information success,number=668976286891
2018-09-19 09:37:34,096 - kuaidi100.py[line:107] - INFO: sleep 3.97131520841s
2018-09-19 09:37:40,505 - kuaidi100.py[line:107] - INFO: Phone number duplication,number
2018-09-19 09:37:40,526 - kuaidi100.py[line:107] - INFO: Get express information success,number=668976988311
2018-09-19 09:37:42,109 - kuaidi100.py[line:107] - INFO: sleep 3.14498745007s
2018-09-19 09:37:48,066 - kuaidi100.py[line:107] - INFO: Get express information success,number=668976734275
2018-09-19 09:37:49,592 - kuaidi100.py[line:107] - INFO: sleep 3.64395536643s
2018-09-19 09:37:56,046 - kuaidi100.py[line:107] - INFO: Get express information success,number=668976213908
2018-09-19 09:37:57,650 - kuaidi100.py[line:107] - INFO: sleep 0.653305703613s
2018-09-19 09:38:01,085 - kuaidi100.py[line:107] - INFO: Phone number duplication,number
2018-09-19 09:38:01,101 - kuaidi100.py[line:107] - INFO: Get express information success,number=668976911919
2018-09-19 09:38:02,811 - kuaidi100.py[line:107] - INFO: sleep 2.35339488815s
2018-09-19 09:38:07,950 - kuaidi100.py[line:107] - INFO: Phone number duplication,number
2018-09-19 09:38:07,961 - kuaidi100.py[line:107] - INFO: Get express information success,number=668976518219
2018-09-19 09:38:09,532 - kuaidi100.py[line:107] - INFO: sleep 1.82117962137s
2018-09-19 09:38:13,806 - kuaidi100.py[line:107] - INFO: Get express information success,number=668976116336
2018-09-19 09:38:15,351 - kuaidi100.py[line:107] - INFO: sleep 2.28043836105s
2018-09-19 09:38:20,447 - kuaidi100.py[line:107] - INFO: Get express information success,number=668976414331
2018-09-19 09:38:22,013 - kuaidi100.py[line:107] - INFO: sleep 3.48476806486s
2018-09-19 09:38:28,260 - kuaidi100.py[line:109] - ERROR: substring not found
2018-09-19 09:38:28,296 - kuaidi100.py[line:107] - INFO: sleep 2.72785069237s
2018-09-19 09:38:33,851 - kuaidi100.py[line:107] - INFO: Phone number duplication,number
2018-09-19 09:38:33,869 - kuaidi100.py[line:107] - INFO: Get express information success,number=668976028290
2018-09-19 09:38:35,467 - kuaidi100.py[line:107] - INFO: sleep 2.59307192802s
2018-09-19 09:38:40,927 - kuaidi100.py[line:107] - INFO: Get express information success,number=668976263600
2018-09-19 09:38:42,499 - kuaidi100.py[line:107] - INFO: sleep 1.87048984664s
2018-09-19 09:38:46,743 - kuaidi100.py[line:107] - INFO: Get express information success,number=668976196634
2018-09-19 09:38:48,515 - kuaidi100.py[line:107] - INFO: sleep 1.40752657265s
2018-09-19 09:38:52,686 - kuaidi100.py[line:107] - INFO: The express number(668976859575) is invalid.
2018-09-19 09:38:54,239 - kuaidi100.py[line:107] - INFO: sleep 1.4561300325s
2018-09-19 09:38:58,479 - kuaidi100.py[line:107] - INFO: Get express information success,number=668976173752
2018-09-19 09:39:00,007 - kuaidi100.py[line:107] - INFO: sleep 0.207982508252s
2018-09-19 09:39:03,023 - kuaidi100.py[line:107] - INFO: Phone number duplication,number
2018-09-19 09:39:03,039 - kuaidi100.py[line:107] - INFO: Get express information success,number=668976364415
2018-09-19 09:39:04,845 - kuaidi100.py[line:107] - INFO: sleep 2.63812591387s
2018-09-19 09:39:09,822 - kuaidi100.py[line:107] - INFO: Phone number duplication,number
2018-09-19 09:39:09,835 - kuaidi100.py[line:107] - INFO: Get express information success,number=668976061868
2018-09-19 09:39:11,380 - kuaidi100.py[line:107] - INFO: sleep 3.66969267744s
2018-09-19 09:39:17,851 - kuaidi100.py[line:107] - INFO: Phone number duplication,number
2018-09-19 09:39:17,871 - kuaidi100.py[line:107] - INFO: Get express information success,number=668976039028
2018-09-19 09:39:19,434 - kuaidi100.py[line:107] - INFO: sleep 1.14844497469s
2018-09-19 09:39:23,450 - kuaidi100.py[line:107] - INFO: Phone number duplication,number
2018-09-19 09:39:23,471 - kuaidi100.py[line:107] - INFO: Get express information success,number=668976829782
2018-09-19 09:39:25,063 - kuaidi100.py[line:107] - INFO: sleep 0.961114294652s
2018-09-19 09:39:28,313 - kuaidi100.py[line:107] - INFO: Phone number duplication,number
2018-09-19 09:39:28,328 - kuaidi100.py[line:107] - INFO: Get express information success,number=668976433469
2018-09-19 09:39:29,928 - kuaidi100.py[line:107] - INFO: sleep 3.03768876702s
2018-09-19 09:39:35,730 - kuaidi100.py[line:107] - INFO: Phone number duplication,number
2018-09-19 09:39:35,744 - kuaidi100.py[line:107] - INFO: Get express information success,number=668976925107
2018-09-19 09:39:37,302 - kuaidi100.py[line:107] - INFO: sleep 0.946658936652s
2018-09-19 09:39:41,042 - kuaidi100.py[line:107] - INFO: Phone number duplication,number
2018-09-19 09:39:41,062 - kuaidi100.py[line:107] - INFO: Get express information success,number=668976503497
2018-09-19 09:39:42,592 - kuaidi100.py[line:107] - INFO: sleep 0.334231777244s
2018-09-19 09:39:45,710 - kuaidi100.py[line:107] - INFO: Get express information success,number=668976597024
2018-09-19 09:39:47,243 - kuaidi100.py[line:107] - INFO: sleep 1.54406920567s
2018-09-19 09:39:51,609 - kuaidi100.py[line:107] - INFO: Phone number duplication,number
2018-09-19 09:39:51,628 - kuaidi100.py[line:107] - INFO: Get express information success,number=668976381450
2018-09-19 09:39:53,082 - kuaidi100.py[line:107] - INFO: sleep 2.06339629197s
2018-09-19 09:39:57,950 - kuaidi100.py[line:107] - INFO: Phone number duplication,number
2018-09-19 09:39:57,974 - kuaidi100.py[line:107] - INFO: Get express information success,number=668976720613
2018-09-19 09:39:59,490 - kuaidi100.py[line:107] - INFO: sleep 0.106362731277s
2018-09-19 09:40:02,275 - kuaidi100.py[line:107] - INFO: The express number(668976307159) is invalid.
2018-09-19 09:40:03,904 - kuaidi100.py[line:107] - INFO: sleep 3.87413682385s
2018-09-19 09:40:10,601 - kuaidi100.py[line:107] - INFO: Get express information success,number=668976187613
2018-09-19 09:40:12,165 - kuaidi100.py[line:107] - INFO: sleep 1.81912832062s
2018-09-19 09:40:16,453 - kuaidi100.py[line:107] - INFO: Phone number duplication,number
2018-09-19 09:40:16,471 - kuaidi100.py[line:107] - INFO: Get express information success,number=668976539108
2018-09-19 09:40:18,009 - kuaidi100.py[line:107] - INFO: sleep 1.26015242282s
2018-09-19 09:40:22,056 - kuaidi100.py[line:107] - INFO: Phone number duplication,number
2018-09-19 09:40:22,071 - kuaidi100.py[line:107] - INFO: Get express information success,number=668976471200
2018-09-19 09:40:24,062 - kuaidi100.py[line:107] - INFO: sleep 3.79925404902s
2018-09-19 09:40:30,667 - kuaidi100.py[line:107] - INFO: Get express information success,number=668976970665
2018-09-19 09:40:32,207 - kuaidi100.py[line:107] - INFO: sleep 3.81231157639s
2018-09-19 09:40:38,512 - kuaidi100.py[line:107] - INFO: Phone number duplication,number
2018-09-19 09:40:38,532 - kuaidi100.py[line:107] - INFO: Get express information success,number=668976193406
2018-09-19 09:40:39,934 - kuaidi100.py[line:107] - INFO: sleep 0.73540034668s
2018-09-19 09:40:43,130 - kuaidi100.py[line:107] - INFO: Phone number duplication,number
2018-09-19 09:40:43,151 - kuaidi100.py[line:107] - INFO: Get express information success,number=668976016397
2018-09-19 09:40:44,546 - kuaidi100.py[line:107] - INFO: sleep 0.852355310234s
2018-09-19 09:40:48,243 - kuaidi100.py[line:107] - INFO: Get express information success,number=668976363307
2018-09-19 09:40:49,802 - kuaidi100.py[line:107] - INFO: sleep 1.69141751581s
2018-09-19 09:40:54,358 - kuaidi100.py[line:107] - INFO: Phone number duplication,number
2018-09-19 09:40:54,378 - kuaidi100.py[line:107] - INFO: Get express information success,number=668976113586
2018-09-19 09:40:56,158 - kuaidi100.py[line:107] - INFO: sleep 1.9931967627s
2018-09-19 09:41:00,951 - kuaidi100.py[line:107] - INFO: Phone number duplication,number
2018-09-19 09:41:00,969 - kuaidi100.py[line:107] - INFO: Get express information success,number=668976144981
2018-09-19 09:41:02,520 - kuaidi100.py[line:107] - INFO: sleep 2.25153202756s
2018-09-19 09:41:07,558 - kuaidi100.py[line:107] - INFO: Phone number duplication,number
2018-09-19 09:41:07,578 - kuaidi100.py[line:107] - INFO: Get express information success,number=668976200565
2018-09-19 09:41:09,157 - kuaidi100.py[line:107] - INFO: sleep 2.41589351557s
2018-09-19 09:41:14,401 - kuaidi100.py[line:107] - INFO: Get express information success,number=668976174384
2018-09-19 09:41:15,950 - kuaidi100.py[line:107] - INFO: sleep 0.765617461927s
2018-09-19 09:41:19,188 - kuaidi100.py[line:107] - INFO: Get express information success,number=668976234078
2018-09-19 09:41:20,734 - kuaidi100.py[line:107] - INFO: sleep 1.07629710623s
2018-09-19 09:41:24,638 - kuaidi100.py[line:107] - INFO: Get express information success,number=668976403176
2018-09-19 09:41:26,188 - kuaidi100.py[line:107] - INFO: sleep 0.776273200961s
2018-09-19 09:41:29,414 - kuaidi100.py[line:107] - INFO: Get express information success,number=668976994002
2018-09-19 09:41:30,940 - kuaidi100.py[line:107] - INFO: sleep 2.48775405355s
2018-09-19 09:41:36,219 - kuaidi100.py[line:107] - INFO: Phone number duplication,number
2018-09-19 09:41:36,239 - kuaidi100.py[line:107] - INFO: Get express information success,number=668976797523
2018-09-19 09:41:37,769 - kuaidi100.py[line:107] - INFO: sleep 1.54299629153s
2018-09-19 09:41:42,128 - kuaidi100.py[line:107] - INFO: Get express information success,number=668976467674
2018-09-19 09:41:43,710 - kuaidi100.py[line:107] - INFO: sleep 2.72007478068s
2018-09-19 09:41:49,278 - kuaidi100.py[line:107] - INFO: Phone number duplication,number
2018-09-19 09:41:49,289 - kuaidi100.py[line:107] - INFO: Get express information success,number=668976633110
2018-09-19 09:41:50,841 - kuaidi100.py[line:107] - INFO: sleep 1.90993008585s
2018-09-19 09:41:55,161 - kuaidi100.py[line:107] - INFO: Get express information success,number=668976030018
2018-09-19 09:41:56,707 - kuaidi100.py[line:107] - INFO: sleep 2.54921557051s
2018-09-19 09:42:02,124 - kuaidi100.py[line:107] - INFO: Phone number duplication,number
2018-09-19 09:42:02,141 - kuaidi100.py[line:107] - INFO: Get express information success,number=668976711336
2018-09-19 09:42:03,700 - kuaidi100.py[line:107] - INFO: sleep 1.26146045168s
2018-09-19 09:42:07,732 - kuaidi100.py[line:107] - INFO: The express number(668976564911) is invalid.
2018-09-19 09:42:09,255 - kuaidi100.py[line:107] - INFO: sleep 1.81903068066s
2018-09-19 09:42:13,880 - kuaidi100.py[line:107] - INFO: Phone number duplication,number
2018-09-19 09:42:13,901 - kuaidi100.py[line:107] - INFO: Get express information success,number=668976680820
2018-09-19 09:42:15,443 - kuaidi100.py[line:107] - INFO: sleep 1.60774743778s
2018-09-19 09:42:19,582 - kuaidi100.py[line:107] - INFO: Get express information success,number=668976518126
2018-09-19 09:42:21,124 - kuaidi100.py[line:107] - INFO: sleep 0.0332317572693s
2018-09-19 09:42:24,049 - kuaidi100.py[line:107] - INFO: Get express information success,number=668976668556
2018-09-19 09:42:25,585 - kuaidi100.py[line:107] - INFO: sleep 2.51957015061s
2018-09-19 09:42:30,944 - kuaidi100.py[line:107] - INFO: Get express information success,number=668976032221
2018-09-19 09:42:32,502 - kuaidi100.py[line:107] - INFO: sleep 1.97658709439s
2018-09-19 09:42:37,280 - kuaidi100.py[line:107] - INFO: Phone number duplication,number
2018-09-19 09:42:37,296 - kuaidi100.py[line:107] - INFO: Get express information success,number=668976365055
2018-09-19 09:42:38,838 - kuaidi100.py[line:107] - INFO: sleep 2.48592407251s
2018-09-19 09:42:44,144 - kuaidi100.py[line:107] - INFO: Phone number duplication,number
2018-09-19 09:42:44,160 - kuaidi100.py[line:107] - INFO: Get express information success,number=668976853962
2018-09-19 09:42:45,701 - kuaidi100.py[line:107] - INFO: sleep 0.162863735417s
2018-09-19 09:42:48,703 - kuaidi100.py[line:107] - INFO: Get express information success,number=668976627904
2018-09-19 09:42:50,247 - kuaidi100.py[line:107] - INFO: sleep 3.95159436967s
2018-09-19 09:42:56,448 - kuaidi100.py[line:107] - INFO: Phone number duplication,number
2018-09-19 09:42:56,463 - kuaidi100.py[line:107] - INFO: Get express information success,number=668976417166
2018-09-19 09:42:57,986 - kuaidi100.py[line:107] - INFO: sleep 0.898666222202s
2018-09-19 09:43:01,987 - kuaidi100.py[line:107] - INFO: Get express information success,number=668976732673
2018-09-19 09:43:03,730 - kuaidi100.py[line:107] - INFO: sleep 0.56829694766s
2018-09-19 09:43:07,052 - kuaidi100.py[line:107] - INFO: Phone number duplication,number
2018-09-19 09:43:07,071 - kuaidi100.py[line:107] - INFO: Get express information success,number=668976041262
2018-09-19 09:43:08,615 - kuaidi100.py[line:107] - INFO: sleep 1.82774673051s
2018-09-19 09:43:12,773 - kuaidi100.py[line:107] - INFO: Get express information success,number=668976186452
2018-09-19 09:43:14,358 - kuaidi100.py[line:107] - INFO: sleep 1.31715474062s
2018-09-19 09:43:18,058 - kuaidi100.py[line:107] - INFO: Phone number duplication,number
2018-09-19 09:43:18,075 - kuaidi100.py[line:107] - INFO: Get express information success,number=668976728532
2018-09-19 09:43:19,778 - kuaidi100.py[line:107] - INFO: sleep 0.585376707886s
2018-09-19 09:43:23,125 - kuaidi100.py[line:107] - INFO: Phone number duplication,number
2018-09-19 09:43:23,142 - kuaidi100.py[line:107] - INFO: Get express information success,number=668976995704
2018-09-19 09:43:24,713 - kuaidi100.py[line:107] - INFO: sleep 1.54118359679s
2018-09-19 09:43:28,979 - kuaidi100.py[line:107] - INFO: Get express information success,number=668976553659
2018-09-19 09:43:30,525 - kuaidi100.py[line:107] - INFO: sleep 1.6441061954s
2018-09-19 09:43:34,966 - kuaidi100.py[line:107] - INFO: Phone number duplication,number
2018-09-19 09:43:34,983 - kuaidi100.py[line:107] - INFO: Get express information success,number=668976722750
2018-09-19 09:43:36,535 - kuaidi100.py[line:107] - INFO: sleep 1.79556474029s
2018-09-19 09:43:41,098 - kuaidi100.py[line:107] - INFO: Phone number duplication,number
2018-09-19 09:43:41,115 - kuaidi100.py[line:107] - INFO: Get express information success,number=668976031337
2018-09-19 09:43:42,648 - kuaidi100.py[line:107] - INFO: sleep 0.161308433078s
2018-09-19 09:43:45,500 - kuaidi100.py[line:107] - INFO: Get express information success,number=668976542276
2018-09-19 09:43:47,052 - kuaidi100.py[line:107] - INFO: sleep 2.34497386045s
2018-09-19 09:43:52,178 - kuaidi100.py[line:107] - INFO: Get express information success,number=668976500128
2018-09-19 09:43:53,796 - kuaidi100.py[line:107] - INFO: sleep 3.95966619619s
2018-09-19 09:44:00,532 - kuaidi100.py[line:107] - INFO: Get express information success,number=668976644470
2018-09-19 09:44:02,138 - kuaidi100.py[line:107] - INFO: sleep 0.551624072834s
2018-09-19 09:44:05,484 - kuaidi100.py[line:107] - INFO: Phone number duplication,number
2018-09-19 09:44:05,503 - kuaidi100.py[line:107] - INFO: Get express information success,number=668976307929
2018-09-19 09:44:07,032 - kuaidi100.py[line:107] - INFO: sleep 2.36726729087s
2018-09-19 09:44:11,763 - kuaidi100.py[line:107] - INFO: Get express information success,number=668976246166
2018-09-19 09:44:13,305 - kuaidi100.py[line:107] - INFO: sleep 0.295281714052s
2018-09-19 09:44:16,038 - kuaidi100.py[line:107] - INFO: Get express information success,number=668976316661
2018-09-19 09:44:17,573 - kuaidi100.py[line:107] - INFO: sleep 1.91598446333s
2018-09-19 09:44:21,864 - kuaidi100.py[line:107] - INFO: Phone number duplication,number
2018-09-19 09:44:21,887 - kuaidi100.py[line:107] - INFO: Get express information success,number=668976889757
2018-09-19 09:44:23,520 - kuaidi100.py[line:107] - INFO: sleep 2.33608934499s
2018-09-19 09:44:28,125 - kuaidi100.py[line:107] - INFO: Phone number duplication,number
2018-09-19 09:44:28,141 - kuaidi100.py[line:107] - INFO: Get express information success,number=668976286313
2018-09-19 09:44:29,747 - kuaidi100.py[line:107] - INFO: sleep 0.0528580199288s
2018-09-19 09:44:32,163 - kuaidi100.py[line:107] - INFO: Get express information success,number=668976726287
2018-09-19 09:44:33,750 - kuaidi100.py[line:107] - INFO: sleep 3.33897502005s
2018-09-19 09:44:39,381 - kuaidi100.py[line:107] - INFO: Phone number duplication,number
2018-09-19 09:44:39,400 - kuaidi100.py[line:107] - INFO: Get express information success,number=668976043318
2018-09-19 09:44:40,944 - kuaidi100.py[line:107] - INFO: sleep 3.33095373242s
2018-09-19 09:44:46,628 - kuaidi100.py[line:107] - INFO: Phone number duplication,number
2018-09-19 09:44:46,648 - kuaidi100.py[line:107] - INFO: Get express information success,number=668976283359
2018-09-19 09:44:48,213 - kuaidi100.py[line:107] - INFO: sleep 1.06429718982s
2018-09-19 09:44:51,572 - kuaidi100.py[line:107] - INFO: Phone number duplication,number
2018-09-19 09:44:51,592 - kuaidi100.py[line:107] - INFO: Get express information success,number=668976730306
2018-09-19 09:44:53,144 - kuaidi100.py[line:107] - INFO: sleep 3.53603298545s
2018-09-19 09:44:58,941 - kuaidi100.py[line:107] - INFO: Phone number duplication,number
2018-09-19 09:44:58,957 - kuaidi100.py[line:107] - INFO: Get express information success,number=668976901439
2018-09-19 09:45:00,528 - kuaidi100.py[line:107] - INFO: sleep 2.93513911788s
2018-09-19 09:45:05,770 - kuaidi100.py[line:107] - INFO: Get express information success,number=668976583819
2018-09-19 09:45:07,311 - kuaidi100.py[line:107] - INFO: sleep 3.96558269158s
2018-09-19 09:45:13,609 - kuaidi100.py[line:107] - INFO: Get express information success,number=668976399074
2018-09-19 09:45:15,161 - kuaidi100.py[line:107] - INFO: sleep 1.55212308525s
2018-09-19 09:45:19,049 - kuaidi100.py[line:107] - INFO: Get express information success,number=668976545423
2018-09-19 09:45:20,589 - kuaidi100.py[line:107] - INFO: sleep 1.14637947209s
2018-09-19 09:45:24,078 - kuaidi100.py[line:107] - INFO: Phone number duplication,number
2018-09-19 09:45:24,095 - kuaidi100.py[line:107] - INFO: Get express information success,number=668976592567
2018-09-19 09:45:25,637 - kuaidi100.py[line:107] - INFO: sleep 1.51432758249s
2018-09-19 09:45:29,559 - kuaidi100.py[line:107] - INFO: Get express information success,number=668976462875
2018-09-19 09:45:31,117 - kuaidi100.py[line:107] - INFO: sleep 0.303345721559s
2018-09-19 09:45:33,811 - kuaidi100.py[line:107] - INFO: Get express information success,number=668976289460
2018-09-19 09:45:35,348 - kuaidi100.py[line:107] - INFO: sleep 3.7518409213s
2018-09-19 09:45:41,493 - kuaidi100.py[line:107] - INFO: Phone number duplication,number
2018-09-19 09:45:41,509 - kuaidi100.py[line:107] - INFO: Get express information success,number=668976466925
2018-09-19 09:45:43,061 - kuaidi100.py[line:107] - INFO: sleep 0.237218317592s
2018-09-19 09:45:45,625 - kuaidi100.py[line:107] - INFO: The express number(668976622166) is invalid.
2018-09-19 09:45:47,187 - kuaidi100.py[line:107] - INFO: sleep 0.0840091007784s
2018-09-19 09:45:49,628 - kuaidi100.py[line:107] - INFO: Get express information success,number=668976711461
2018-09-19 09:45:51,174 - kuaidi100.py[line:107] - INFO: sleep 3.50692048407s
2018-09-19 09:45:57,029 - kuaidi100.py[line:107] - INFO: Get express information success,number=668976987215
2018-09-19 09:45:58,582 - kuaidi100.py[line:107] - INFO: sleep 1.46716499356s
2018-09-19 09:46:02,434 - kuaidi100.py[line:107] - INFO: The express number(668976177486) is invalid.
2018-09-19 09:46:03,982 - kuaidi100.py[line:107] - INFO: sleep 0.85803883802s
2018-09-19 09:46:07,198 - kuaidi100.py[line:107] - INFO: Phone number duplication,number
2018-09-19 09:46:07,213 - kuaidi100.py[line:107] - INFO: Get express information success,number=668976873701
2018-09-19 09:46:08,730 - kuaidi100.py[line:107] - INFO: sleep 3.39031121233s
2018-09-19 09:46:14,476 - kuaidi100.py[line:107] - INFO: Get express information success,number=668976947649
2018-09-19 09:46:16,082 - kuaidi100.py[line:107] - INFO: sleep 0.677262340329s
2018-09-19 09:46:19,154 - kuaidi100.py[line:107] - INFO: Get express information success,number=668976748595
2018-09-19 09:46:20,703 - kuaidi100.py[line:107] - INFO: sleep 2.39573687007s
2018-09-19 09:46:25,407 - kuaidi100.py[line:107] - INFO: Phone number duplication,number
2018-09-19 09:46:25,420 - kuaidi100.py[line:107] - INFO: Get express information success,number=668976652022
2018-09-19 09:46:26,940 - kuaidi100.py[line:107] - INFO: sleep 2.78989569875s
2018-09-19 09:46:32,111 - kuaidi100.py[line:107] - INFO: Phone number duplication,number
2018-09-19 09:46:32,125 - kuaidi100.py[line:107] - INFO: Get express information success,number=668976982760
2018-09-19 09:46:33,657 - kuaidi100.py[line:107] - INFO: sleep 3.17015438608s
2018-09-19 09:46:39,157 - kuaidi100.py[line:107] - INFO: Phone number duplication,number
2018-09-19 09:46:39,176 - kuaidi100.py[line:107] - INFO: Get express information success,number=668976563995
2018-09-19 09:46:40,736 - kuaidi100.py[line:107] - INFO: sleep 2.2955776029s
2018-09-19 09:46:45,325 - kuaidi100.py[line:107] - INFO: Phone number duplication,number
2018-09-19 09:46:45,342 - kuaidi100.py[line:107] - INFO: Get express information success,number=668976503063
2018-09-19 09:46:46,904 - kuaidi100.py[line:107] - INFO: sleep 1.23775007436s
2018-09-19 09:46:50,490 - kuaidi100.py[line:107] - INFO: Get express information success,number=668976155638
2018-09-19 09:46:52,017 - kuaidi100.py[line:107] - INFO: sleep 1.24406182312s
2018-09-19 09:46:55,757 - kuaidi100.py[line:107] - INFO: Phone number duplication,number
2018-09-19 09:46:55,776 - kuaidi100.py[line:107] - INFO: Get express information success,number=668976676443
2018-09-19 09:46:57,365 - kuaidi100.py[line:107] - INFO: sleep 3.90853494058s
2018-09-19 09:47:03,562 - kuaidi100.py[line:107] - INFO: Get express information success,number=668976096915
2018-09-19 09:47:05,115 - kuaidi100.py[line:107] - INFO: sleep 2.41581770707s
2018-09-19 09:47:09,887 - kuaidi100.py[line:107] - INFO: Get express information success,number=668976787663
2018-09-19 09:47:11,457 - kuaidi100.py[line:107] - INFO: sleep 0.933806634081s
2018-09-19 09:47:14,756 - kuaidi100.py[line:107] - INFO: Phone number duplication,number
2018-09-19 09:47:14,773 - kuaidi100.py[line:107] - INFO: Get express information success,number=668976216805
2018-09-19 09:47:16,335 - kuaidi100.py[line:107] - INFO: sleep 0.542396689263s
2018-09-19 09:47:19,226 - kuaidi100.py[line:107] - INFO: Phone number duplication,number
2018-09-19 09:47:19,243 - kuaidi100.py[line:107] - INFO: Get express information success,number=668976201394
2018-09-19 09:47:20,786 - kuaidi100.py[line:107] - INFO: sleep 1.97737128914s
2018-09-19 09:47:25,132 - kuaidi100.py[line:107] - INFO: Phone number duplication,number
2018-09-19 09:47:25,151 - kuaidi100.py[line:107] - INFO: Get express information success,number=668976145518
2018-09-19 09:47:26,694 - kuaidi100.py[line:107] - INFO: sleep 1.46654060326s
2018-09-19 09:47:30,536 - kuaidi100.py[line:107] - INFO: Phone number duplication,number
2018-09-19 09:47:30,552 - kuaidi100.py[line:107] - INFO: Get express information success,number=668976193828
2018-09-19 09:47:32,079 - kuaidi100.py[line:107] - INFO: sleep 1.05869134503s
2018-09-19 09:47:35,421 - kuaidi100.py[line:107] - INFO: Phone number duplication,number
2018-09-19 09:47:35,437 - kuaidi100.py[line:107] - INFO: Get express information success,number=668976042696
2018-09-19 09:47:36,970 - kuaidi100.py[line:107] - INFO: sleep 0.481239079926s
2018-09-19 09:47:39,733 - kuaidi100.py[line:107] - INFO: Phone number duplication,number
2018-09-19 09:47:39,746 - kuaidi100.py[line:107] - INFO: Get express information success,number=668976011009
2018-09-19 09:47:41,302 - kuaidi100.py[line:107] - INFO: sleep 1.77216172929s
2018-09-19 09:47:45,859 - kuaidi100.py[line:107] - INFO: Get express information success,number=668976745415
2018-09-19 09:47:47,390 - kuaidi100.py[line:107] - INFO: sleep 1.42971020114s
2018-09-19 09:47:51,183 - kuaidi100.py[line:107] - INFO: Get express information success,number=668976323917
2018-09-19 09:47:52,782 - kuaidi100.py[line:107] - INFO: sleep 0.0346915333921s
2018-09-19 09:47:55,246 - kuaidi100.py[line:107] - INFO: Get express information success,number=668976406099
2018-09-19 09:47:56,819 - kuaidi100.py[line:107] - INFO: sleep 2.83708560847s
2018-09-19 09:48:02,003 - kuaidi100.py[line:107] - INFO: Get express information success,number=668976157296
2018-09-19 09:48:03,575 - kuaidi100.py[line:107] - INFO: sleep 1.50533928668s
2018-09-19 09:48:07,387 - kuaidi100.py[line:107] - INFO: Phone number duplication,number
2018-09-19 09:48:07,401 - kuaidi100.py[line:107] - INFO: Get express information success,number=668976542819
2018-09-19 09:48:08,936 - kuaidi100.py[line:107] - INFO: sleep 3.54272006659s
2018-09-19 09:48:14,838 - kuaidi100.py[line:107] - INFO: Get express information success,number=668976870137
2018-09-19 09:48:16,374 - kuaidi100.py[line:107] - INFO: sleep 2.19758810725s
2018-09-19 09:48:20,905 - kuaidi100.py[line:107] - INFO: Phone number duplication,number
2018-09-19 09:48:20,920 - kuaidi100.py[line:107] - INFO: Get express information success,number=668976215310
2018-09-19 09:48:22,470 - kuaidi100.py[line:107] - INFO: sleep 0.51590215527s
2018-09-19 09:48:25,308 - kuaidi100.py[line:107] - INFO: Get express information success,number=668976746342
2018-09-19 09:48:26,869 - kuaidi100.py[line:107] - INFO: sleep 1.69009895657s
2018-09-19 09:48:30,990 - kuaidi100.py[line:107] - INFO: Phone number duplication,number
2018-09-19 09:48:31,007 - kuaidi100.py[line:107] - INFO: Get express information success,number=668976960180
2018-09-19 09:48:32,548 - kuaidi100.py[line:107] - INFO: sleep 0.851069303351s
2018-09-19 09:48:35,782 - kuaidi100.py[line:107] - INFO: Get express information success,number=668976885663
2018-09-19 09:48:37,329 - kuaidi100.py[line:107] - INFO: sleep 1.71613968659s
2018-09-19 09:48:41,395 - kuaidi100.py[line:107] - INFO: Get express information success,number=668976609759
2018-09-19 09:48:42,973 - kuaidi100.py[line:107] - INFO: sleep 3.43869054058s
2018-09-19 09:48:48,862 - kuaidi100.py[line:107] - INFO: Phone number duplication,number
2018-09-19 09:48:48,878 - kuaidi100.py[line:107] - INFO: Get express information success,number=668976481186
2018-09-19 09:48:50,532 - kuaidi100.py[line:107] - INFO: sleep 2.81473812881s
2018-09-19 09:48:55,753 - kuaidi100.py[line:107] - INFO: Get express information success,number=668976398817
2018-09-19 09:48:57,285 - kuaidi100.py[line:107] - INFO: sleep 1.62853160745s
2018-09-19 09:49:01,211 - kuaidi100.py[line:107] - INFO: Phone number duplication,number
2018-09-19 09:49:01,226 - kuaidi100.py[line:107] - INFO: Get express information success,number=668976280318
2018-09-19 09:49:02,766 - kuaidi100.py[line:107] - INFO: sleep 0.133528408002s
2018-09-19 09:49:05,250 - kuaidi100.py[line:107] - INFO: Get express information success,number=668976456843
2018-09-19 09:49:06,788 - kuaidi100.py[line:107] - INFO: sleep 0.966657816839s
2018-09-19 09:49:10,112 - kuaidi100.py[line:107] - INFO: Get express information success,number=668976664591
2018-09-19 09:49:11,716 - kuaidi100.py[line:107] - INFO: sleep 3.96057378156s
2018-09-19 09:49:18,052 - kuaidi100.py[line:107] - INFO: Get express information success,number=668976823016
2018-09-19 09:49:19,605 - kuaidi100.py[line:107] - INFO: sleep 0.178514886447s
2018-09-19 09:49:22,141 - kuaidi100.py[line:107] - INFO: Phone number duplication,number
2018-09-19 09:49:22,160 - kuaidi100.py[line:107] - INFO: Get express information success,number=668976457552
2018-09-19 09:49:23,707 - kuaidi100.py[line:107] - INFO: sleep 0.880280982505s
2018-09-19 09:49:26,937 - kuaidi100.py[line:107] - INFO: Phone number duplication,number
2018-09-19 09:49:26,957 - kuaidi100.py[line:107] - INFO: Get express information success,number=668976287873
2018-09-19 09:49:28,509 - kuaidi100.py[line:107] - INFO: sleep 2.40056331181s
2018-09-19 09:49:33,289 - kuaidi100.py[line:109] - ERROR: (1064, "You have an error in your SQL syntax; check the manual that corresponds to your MySQL server version for the right syntax to use near '/a>33 limit 1' at line 1")
2018-09-19 09:49:33,315 - kuaidi100.py[line:107] - INFO: sleep 2.8335643697s
2018-09-19 09:49:38,457 - kuaidi100.py[line:107] - INFO: Phone number duplication,number
2018-09-19 09:49:38,467 - kuaidi100.py[line:107] - INFO: Get express information success,number=668976881227
2018-09-19 09:49:40,082 - kuaidi100.py[line:107] - INFO: sleep 3.37245981296s
2018-09-19 09:49:45,812 - kuaidi100.py[line:107] - INFO: Phone number duplication,number
2018-09-19 09:49:45,828 - kuaidi100.py[line:107] - INFO: Get express information success,number=668976496554
2018-09-19 09:49:47,377 - kuaidi100.py[line:107] - INFO: sleep 3.3570217925s
2018-09-19 09:49:53,061 - kuaidi100.py[line:107] - INFO: Get express information success,number=668976029691
2018-09-19 09:49:54,605 - kuaidi100.py[line:107] - INFO: sleep 3.16870476016s
2018-09-19 09:50:00,174 - kuaidi100.py[line:107] - INFO: Get express information success,number=668976575471
2018-09-19 09:50:01,749 - kuaidi100.py[line:107] - INFO: sleep 3.91684091568s
2018-09-19 09:50:08,269 - kuaidi100.py[line:107] - INFO: Get express information success,number=668976121395
2018-09-19 09:50:09,841 - kuaidi100.py[line:107] - INFO: sleep 0.779910777532s
2018-09-19 09:50:13,052 - kuaidi100.py[line:107] - INFO: Get express information success,number=668976688719
2018-09-19 09:50:15,165 - kuaidi100.py[line:107] - INFO: sleep 2.14830252824s
2018-09-19 09:50:19,671 - kuaidi100.py[line:107] - INFO: Get express information success,number=668976560913
2018-09-19 09:50:21,214 - kuaidi100.py[line:107] - INFO: sleep 0.177968341368s
2018-09-19 09:50:23,753 - kuaidi100.py[line:107] - INFO: Get express information success,number=668976553818
2018-09-19 09:50:25,348 - kuaidi100.py[line:107] - INFO: sleep 2.61709126683s
2018-09-19 09:50:30,385 - kuaidi100.py[line:107] - INFO: Phone number duplication,number
2018-09-19 09:50:30,404 - kuaidi100.py[line:107] - INFO: Get express information success,number=668976676052
2018-09-19 09:50:32,048 - kuaidi100.py[line:107] - INFO: sleep 0.785822037825s
2018-09-19 09:50:35,362 - kuaidi100.py[line:107] - INFO: Get express information success,number=668976111931
2018-09-19 09:50:36,946 - kuaidi100.py[line:107] - INFO: sleep 1.55458263325s
2018-09-19 09:50:40,878 - kuaidi100.py[line:107] - INFO: The express number(668976728498) is invalid.
2018-09-19 09:50:42,463 - kuaidi100.py[line:107] - INFO: sleep 2.79882269267s
2018-09-19 09:50:47,361 - kuaidi100.py[line:107] - INFO: Get express information success,number=668976182316
2018-09-19 09:50:48,917 - kuaidi100.py[line:107] - INFO: sleep 1.8574526786s
2018-09-19 09:50:53,141 - kuaidi100.py[line:107] - INFO: Phone number duplication,number
2018-09-19 09:50:53,161 - kuaidi100.py[line:107] - INFO: Get express information success,number=668976995385
2018-09-19 09:50:54,690 - kuaidi100.py[line:107] - INFO: sleep 0.768608730293s
2018-09-19 09:50:57,931 - kuaidi100.py[line:107] - INFO: Phone number duplication,number
2018-09-19 09:50:57,947 - kuaidi100.py[line:107] - INFO: Get express information success,number=668976601086
2018-09-19 09:50:59,586 - kuaidi100.py[line:107] - INFO: sleep 0.816324205707s
2018-09-19 09:51:02,765 - kuaidi100.py[line:107] - INFO: Get express information success,number=668976570645
2018-09-19 09:51:04,306 - kuaidi100.py[line:107] - INFO: sleep 1.95382113335s
2018-09-19 09:51:08,661 - kuaidi100.py[line:107] - INFO: Phone number duplication,number
2018-09-19 09:51:08,677 - kuaidi100.py[line:107] - INFO: Get express information success,number=668976580949
2018-09-19 09:51:10,223 - kuaidi100.py[line:107] - INFO: sleep 3.7728414191s
2018-09-19 09:51:16,834 - kuaidi100.py[line:107] - INFO: Get express information success,number=668976303548
2018-09-19 09:51:18,266 - kuaidi100.py[line:107] - INFO: sleep 0.249418592573s
2018-09-19 09:51:20,526 - kuaidi100.py[line:107] - INFO: Get express information success,number=668976261025
2018-09-19 09:51:22,516 - kuaidi100.py[line:107] - INFO: sleep 2.62938901384s
2018-09-19 09:51:27,951 - kuaidi100.py[line:107] - INFO: Phone number duplication,number
2018-09-19 09:51:27,967 - kuaidi100.py[line:107] - INFO: Get express information success,number=668976594529
2018-09-19 09:51:29,384 - kuaidi100.py[line:107] - INFO: sleep 0.806462549299s
2018-09-19 09:51:32,664 - kuaidi100.py[line:107] - INFO: Phone number duplication,number
2018-09-19 09:51:32,677 - kuaidi100.py[line:107] - INFO: Get express information success,number=668976540266
2018-09-19 09:51:34,217 - kuaidi100.py[line:107] - INFO: sleep 2.97799755915s
2018-09-19 09:51:39,944 - kuaidi100.py[line:107] - INFO: Get express information success,number=668976172246
2018-09-19 09:51:41,466 - kuaidi100.py[line:107] - INFO: sleep 3.8753201053s
2018-09-19 09:51:47,736 - kuaidi100.py[line:107] - INFO: Phone number duplication,number
2018-09-19 09:51:47,756 - kuaidi100.py[line:107] - INFO: Get express information success,number=668976939408
2018-09-19 09:51:49,316 - kuaidi100.py[line:107] - INFO: sleep 0.480215166503s
2018-09-19 09:51:52,595 - kuaidi100.py[line:107] - INFO: The express number(668976270776) is invalid.
2018-09-19 09:51:54,227 - kuaidi100.py[line:107] - INFO: sleep 1.012163476s
2018-09-19 09:51:58,069 - kuaidi100.py[line:107] - INFO: Get express information success,number=668976710687
2018-09-19 09:51:59,612 - kuaidi100.py[line:107] - INFO: sleep 3.41083863788s
2018-09-19 09:52:05,865 - kuaidi100.py[line:107] - INFO: Phone number duplication,number
2018-09-19 09:52:05,881 - kuaidi100.py[line:107] - INFO: Get express information success,number=668976222226
2018-09-19 09:52:07,440 - kuaidi100.py[line:107] - INFO: sleep 3.91847394333s
2018-09-19 09:52:14,184 - kuaidi100.py[line:107] - INFO: Phone number duplication,number
2018-09-19 09:52:14,203 - kuaidi100.py[line:107] - INFO: Get express information success,number=668976910506
2018-09-19 09:52:15,737 - kuaidi100.py[line:107] - INFO: sleep 0.724907338456s
2018-09-19 09:52:18,956 - kuaidi100.py[line:107] - INFO: Get express information success,number=668976296961
2018-09-19 09:52:20,589 - kuaidi100.py[line:107] - INFO: sleep 3.92258883193s
2018-09-19 09:52:27,316 - kuaidi100.py[line:107] - INFO: Phone number duplication,number
2018-09-19 09:52:27,335 - kuaidi100.py[line:107] - INFO: Get express information success,number=668976919655
2018-09-19 09:52:28,875 - kuaidi100.py[line:107] - INFO: sleep 3.02036531289s
2018-09-19 09:52:34,680 - kuaidi100.py[line:107] - INFO: Get express information success,number=668976929318
2018-09-19 09:52:36,214 - kuaidi100.py[line:107] - INFO: sleep 1.06461366986s
2018-09-19 09:52:39,608 - kuaidi100.py[line:107] - INFO: Get express information success,number=668976370309
2018-09-19 09:52:41,122 - kuaidi100.py[line:107] - INFO: sleep 1.67859806447s
2018-09-19 09:52:45,586 - kuaidi100.py[line:107] - INFO: Get express information success,number=668976928884
2018-09-19 09:52:47,140 - kuaidi100.py[line:107] - INFO: sleep 2.30587920766s
2018-09-19 09:52:52,278 - kuaidi100.py[line:107] - INFO: Get express information success,number=668976111363
2018-09-19 09:52:53,818 - kuaidi100.py[line:107] - INFO: sleep 3.42374482855s
2018-09-19 09:53:00,006 - kuaidi100.py[line:107] - INFO: Get express information success,number=668976863507
2018-09-19 09:53:01,924 - kuaidi100.py[line:107] - INFO: sleep 2.11609577404s
2018-09-19 09:53:06,825 - kuaidi100.py[line:107] - INFO: Phone number duplication,number
2018-09-19 09:53:06,838 - kuaidi100.py[line:107] - INFO: Get express information success,number=668976771289
2018-09-19 09:53:08,394 - kuaidi100.py[line:107] - INFO: sleep 0.498655658202s
2018-09-19 09:53:11,640 - kuaidi100.py[line:107] - INFO: Get express information success,number=668976609963
2018-09-19 09:53:13,234 - kuaidi100.py[line:107] - INFO: sleep 2.39500017658s
2018-09-19 09:53:17,684 - kuaidi100.py[line:107] - INFO: Phone number duplication,number
2018-09-19 09:53:17,703 - kuaidi100.py[line:107] - INFO: Get express information success,number=668976186371
2018-09-19 09:53:19,286 - kuaidi100.py[line:107] - INFO: sleep 2.54155569782s
2018-09-19 09:53:24,009 - kuaidi100.py[line:107] - INFO: Get express information success,number=668976552380
2018-09-19 09:53:25,546 - kuaidi100.py[line:107] - INFO: sleep 1.17390717804s
2018-09-19 09:53:29,548 - kuaidi100.py[line:107] - INFO: Phone number duplication,number
2018-09-19 09:53:29,566 - kuaidi100.py[line:107] - INFO: Get express information success,number=668976332987
2018-09-19 09:53:31,160 - kuaidi100.py[line:107] - INFO: sleep 3.06077448356s
2018-09-19 09:53:36,982 - kuaidi100.py[line:107] - INFO: Get express information success,number=668976409714
2018-09-19 09:53:38,503 - kuaidi100.py[line:107] - INFO: sleep 3.53920977239s
2018-09-19 09:53:44,808 - kuaidi100.py[line:107] - INFO: Get express information success,number=668976832077
2018-09-19 09:53:46,329 - kuaidi100.py[line:107] - INFO: sleep 2.41652300928s
2018-09-19 09:53:51,551 - kuaidi100.py[line:107] - INFO: Phone number duplication,number
2018-09-19 09:53:51,566 - kuaidi100.py[line:107] - INFO: Get express information success,number=668976961726
2018-09-19 09:53:53,140 - kuaidi100.py[line:107] - INFO: sleep 1.95946745514s
2018-09-19 09:53:57,382 - kuaidi100.py[line:107] - INFO: Get express information success,number=668976963550
2018-09-19 09:53:59,418 - kuaidi100.py[line:107] - INFO: sleep 0.0706092586912s
2018-09-19 09:54:02,328 - kuaidi100.py[line:107] - INFO: Phone number duplication,number
2018-09-19 09:54:02,341 - kuaidi100.py[line:107] - INFO: Get express information success,number=668976441782
2018-09-19 09:54:03,954 - kuaidi100.py[line:107] - INFO: sleep 3.0083839262s
2018-09-19 09:54:09,575 - kuaidi100.py[line:107] - INFO: Phone number duplication,number
2018-09-19 09:54:09,595 - kuaidi100.py[line:107] - INFO: Get express information success,number=668976840733
2018-09-19 09:54:11,171 - kuaidi100.py[line:107] - INFO: sleep 2.07331006326s
2018-09-19 09:54:15,645 - kuaidi100.py[line:107] - INFO: Phone number duplication,number
2018-09-19 09:54:15,661 - kuaidi100.py[line:107] - INFO: Get express information success,number=668976124241
2018-09-19 09:54:17,269 - kuaidi100.py[line:107] - INFO: sleep 2.83557566741s
2018-09-19 09:54:22,750 - kuaidi100.py[line:107] - INFO: Phone number duplication,number
2018-09-19 09:54:22,769 - kuaidi100.py[line:107] - INFO: Get express information success,number=668976142459
2018-09-19 09:54:24,308 - kuaidi100.py[line:107] - INFO: sleep 1.77975071788s
2018-09-19 09:54:28,456 - kuaidi100.py[line:107] - INFO: Phone number duplication,number
2018-09-19 09:54:28,473 - kuaidi100.py[line:107] - INFO: Get express information success,number=668976467438
2018-09-19 09:54:30,043 - kuaidi100.py[line:107] - INFO: sleep 3.52973931472s
2018-09-19 09:54:35,917 - kuaidi100.py[line:107] - INFO: Get express information success,number=668976666127
2018-09-19 09:54:37,460 - kuaidi100.py[line:107] - INFO: sleep 2.56757304776s
2018-09-19 09:54:42,388 - kuaidi100.py[line:107] - INFO: Phone number duplication,number
2018-09-19 09:54:42,415 - kuaidi100.py[line:107] - INFO: Get express information success,number=668976873416
2018-09-19 09:54:43,937 - kuaidi100.py[line:107] - INFO: sleep 1.76122081538s
2018-09-19 09:54:48,069 - kuaidi100.py[line:107] - INFO: Get express information success,number=668976174699
2018-09-19 09:54:49,645 - kuaidi100.py[line:107] - INFO: sleep 1.22345927728s
2018-09-19 09:54:53,421 - kuaidi100.py[line:107] - INFO: Phone number duplication,number
2018-09-19 09:54:53,440 - kuaidi100.py[line:107] - INFO: Get express information success,number=668976094304
2018-09-19 09:54:54,964 - kuaidi100.py[line:107] - INFO: sleep 2.55235870768s
2018-09-19 09:54:59,910 - kuaidi100.py[line:107] - INFO: Get express information success,number=668976019602
2018-09-19 09:55:01,476 - kuaidi100.py[line:107] - INFO: sleep 0.799548426411s
2018-09-19 09:55:04,700 - kuaidi100.py[line:107] - INFO: Get express information success,number=668976235058
2018-09-19 09:55:06,244 - kuaidi100.py[line:107] - INFO: sleep 1.80254706753s
2018-09-19 09:55:10,401 - kuaidi100.py[line:107] - INFO: Phone number duplication,number
2018-09-19 09:55:10,418 - kuaidi100.py[line:107] - INFO: Get express information success,number=668976589375
2018-09-19 09:55:12,009 - kuaidi100.py[line:107] - INFO: sleep 3.14675338666s
2018-09-19 09:55:17,523 - kuaidi100.py[line:107] - INFO: Get express information success,number=668976560152
2018-09-19 09:55:19,059 - kuaidi100.py[line:107] - INFO: sleep 1.1141216358s
2018-09-19 09:55:22,552 - kuaidi100.py[line:107] - INFO: Get express information success,number=668976799209
2018-09-19 09:55:24,111 - kuaidi100.py[line:107] - INFO: sleep 0.674718955341s
2018-09-19 09:55:27,130 - kuaidi100.py[line:107] - INFO: Phone number duplication,number
2018-09-19 09:55:27,151 - kuaidi100.py[line:107] - INFO: Get express information success,number=668976282932
2018-09-19 09:55:28,688 - kuaidi100.py[line:107] - INFO: sleep 2.13766491731s
2018-09-19 09:55:33,130 - kuaidi100.py[line:107] - INFO: Get express information success,number=668976453092
2018-09-19 09:55:34,653 - kuaidi100.py[line:107] - INFO: sleep 3.92516457367s
2018-09-19 09:55:41,013 - kuaidi100.py[line:107] - INFO: Get express information success,number=668976778271
2018-09-19 09:55:42,539 - kuaidi100.py[line:107] - INFO: sleep 1.65386461686s
2018-09-19 09:55:46,563 - kuaidi100.py[line:107] - INFO: Phone number duplication,number
2018-09-19 09:55:46,582 - kuaidi100.py[line:107] - INFO: Get express information success,number=668976610660
2018-09-19 09:55:48,121 - kuaidi100.py[line:107] - INFO: sleep 1.65659783548s
2018-09-19 09:55:52,581 - kuaidi100.py[line:107] - INFO: Get express information success,number=668976641032
2018-09-19 09:55:54,127 - kuaidi100.py[line:107] - INFO: sleep 0.918753876835s
2018-09-19 09:55:57,953 - kuaidi100.py[line:107] - INFO: Phone number duplication,number
2018-09-19 09:55:57,973 - kuaidi100.py[line:107] - INFO: Get express information success,number=668976880336
2018-09-19 09:55:59,526 - kuaidi100.py[line:107] - INFO: sleep 0.268946239378s
2018-09-19 09:56:02,563 - kuaidi100.py[line:107] - INFO: Phone number duplication,number
2018-09-19 09:56:02,581 - kuaidi100.py[line:107] - INFO: Get express information success,number=668976432217
2018-09-19 09:56:04,125 - kuaidi100.py[line:107] - INFO: sleep 0.144501569919s
2018-09-19 09:56:07,059 - kuaidi100.py[line:107] - INFO: Get express information success,number=668976425874
2018-09-19 09:56:08,622 - kuaidi100.py[line:107] - INFO: sleep 3.79222114759s
2018-09-19 09:56:15,013 - kuaidi100.py[line:107] - INFO: Get express information success,number=668976213839
2018-09-19 09:56:16,559 - kuaidi100.py[line:107] - INFO: sleep 0.305629768466s
2018-09-19 09:56:19,171 - kuaidi100.py[line:107] - INFO: Phone number duplication,number
2018-09-19 09:56:19,188 - kuaidi100.py[line:107] - INFO: Get express information success,number=668976024587
2018-09-19 09:56:20,752 - kuaidi100.py[line:107] - INFO: sleep 3.91794790523s
2018-09-19 09:56:27,345 - kuaidi100.py[line:107] - INFO: The express number(668976204610) is invalid.
2018-09-19 09:56:28,892 - kuaidi100.py[line:107] - INFO: sleep 3.31041631215s
2018-09-19 09:56:34,993 - kuaidi100.py[line:107] - INFO: Get express information success,number=668976220934
2018-09-19 09:56:36,535 - kuaidi100.py[line:107] - INFO: sleep 2.77139201811s
2018-09-19 09:56:42,006 - kuaidi100.py[line:107] - INFO: Phone number duplication,number
2018-09-19 09:56:42,025 - kuaidi100.py[line:107] - INFO: Get express information success,number=668976200057
2018-09-19 09:56:43,569 - kuaidi100.py[line:107] - INFO: sleep 0.0731647974821s
2018-09-19 09:56:46,367 - kuaidi100.py[line:107] - INFO: Get express information success,number=668976910597
2018-09-19 09:56:47,898 - kuaidi100.py[line:107] - INFO: sleep 0.223794907845s
2018-09-19 09:56:50,892 - kuaidi100.py[line:107] - INFO: Phone number duplication,number
2018-09-19 09:56:50,913 - kuaidi100.py[line:107] - INFO: Get express information success,number=668976840530
2018-09-19 09:56:52,477 - kuaidi100.py[line:107] - INFO: sleep 2.01036033521s
2018-09-19 09:56:56,976 - kuaidi100.py[line:107] - INFO: Phone number duplication,number
2018-09-19 09:56:56,997 - kuaidi100.py[line:107] - INFO: Get express information success,number=668976453000
2018-09-19 09:56:58,573 - kuaidi100.py[line:107] - INFO: sleep 0.94155850951s
2018-09-19 09:57:02,243 - kuaidi100.py[line:107] - INFO: The express number(668976375376) is invalid.
2018-09-19 09:57:03,809 - kuaidi100.py[line:107] - INFO: sleep 0.767736080411s
2018-09-19 09:57:07,411 - kuaidi100.py[line:107] - INFO: Get express information success,number=668976014556
2018-09-19 09:57:08,984 - kuaidi100.py[line:107] - INFO: sleep 2.22329176488s
2018-09-19 09:57:13,923 - kuaidi100.py[line:107] - INFO: Get express information success,number=668976791959
2018-09-19 09:57:15,457 - kuaidi100.py[line:107] - INFO: sleep 3.05231355678s
2018-09-19 09:57:21,372 - kuaidi100.py[line:107] - INFO: Phone number duplication,number
2018-09-19 09:57:21,388 - kuaidi100.py[line:107] - INFO: Get express information success,number=668976641200
2018-09-19 09:57:22,921 - kuaidi100.py[line:107] - INFO: sleep 2.03055177648s
2018-09-19 09:57:27,726 - kuaidi100.py[line:107] - INFO: Phone number duplication,number
2018-09-19 09:57:27,746 - kuaidi100.py[line:107] - INFO: Get express information success,number=668976865769
2018-09-19 09:57:29,276 - kuaidi100.py[line:107] - INFO: sleep 1.30852022165s
2018-09-19 09:57:33,369 - kuaidi100.py[line:107] - INFO: Phone number duplication,number
2018-09-19 09:57:33,388 - kuaidi100.py[line:107] - INFO: Get express information success,number=668976154987
2018-09-19 09:57:34,989 - kuaidi100.py[line:107] - INFO: sleep 2.46929208583s
2018-09-19 09:57:40,242 - kuaidi100.py[line:107] - INFO: Phone number duplication,number
2018-09-19 09:57:40,256 - kuaidi100.py[line:107] - INFO: Get express information success,number=668976117828
2018-09-19 09:57:41,809 - kuaidi100.py[line:107] - INFO: sleep 2.44397884424s
2018-09-19 09:57:47,056 - kuaidi100.py[line:107] - INFO: Get express information success,number=668976197851
2018-09-19 09:57:48,614 - kuaidi100.py[line:107] - INFO: sleep 3.34460555187s
2018-09-19 09:57:54,737 - kuaidi100.py[line:107] - INFO: Get express information success,number=668976554615
2018-09-19 09:57:56,282 - kuaidi100.py[line:107] - INFO: sleep 0.0415184528832s
2018-09-19 09:57:59,255 - kuaidi100.py[line:107] - INFO: The express number(668976745723) is invalid.
2018-09-19 09:58:00,805 - kuaidi100.py[line:107] - INFO: sleep 3.59134104446s
2018-09-19 09:58:07,180 - kuaidi100.py[line:107] - INFO: Phone number duplication,number
2018-09-19 09:58:07,196 - kuaidi100.py[line:107] - INFO: Get express information success,number=668976749770
2018-09-19 09:58:08,759 - kuaidi100.py[line:107] - INFO: sleep 2.70489156895s
2018-09-19 09:58:13,961 - kuaidi100.py[line:107] - INFO: Phone number duplication,number
2018-09-19 09:58:13,976 - kuaidi100.py[line:107] - INFO: Get express information success,number=668976491192
2018-09-19 09:58:15,500 - kuaidi100.py[line:107] - INFO: sleep 2.20152785698s
2018-09-19 09:58:20,476 - kuaidi100.py[line:107] - INFO: Phone number duplication,number
2018-09-19 09:58:20,493 - kuaidi100.py[line:107] - INFO: Get express information success,number=668976739387
2018-09-19 09:58:22,115 - kuaidi100.py[line:107] - INFO: sleep 1.25599287834s
2018-09-19 09:58:26,115 - kuaidi100.py[line:107] - INFO: Get express information success,number=668976229983
2018-09-19 09:58:27,670 - kuaidi100.py[line:107] - INFO: sleep 1.82827854146s
2018-09-19 09:58:32,267 - kuaidi100.py[line:107] - INFO: Get express information success,number=668976424172
2018-09-19 09:58:33,841 - kuaidi100.py[line:107] - INFO: sleep 3.77150849469s
2018-09-19 09:58:40,354 - kuaidi100.py[line:107] - INFO: Phone number duplication,number
2018-09-19 09:58:40,369 - kuaidi100.py[line:107] - INFO: Get express information success,number=668976622618
2018-09-19 09:58:42,063 - kuaidi100.py[line:107] - INFO: sleep 1.67253009379s
2018-09-19 09:58:46,483 - kuaidi100.py[line:107] - INFO: Get express information success,number=668976901605
2018-09-19 09:58:48,053 - kuaidi100.py[line:107] - INFO: sleep 2.87964560853s
2018-09-19 09:58:53,335 - kuaidi100.py[line:107] - INFO: Get express information success,number=668976266184
2018-09-19 09:58:54,891 - kuaidi100.py[line:107] - INFO: sleep 1.83245889705s
2018-09-19 09:58:59,529 - kuaidi100.py[line:107] - INFO: Get express information success,number=668976962973
2018-09-19 09:59:01,075 - kuaidi100.py[line:107] - INFO: sleep 3.38980486769s
2018-09-19 09:59:07,249 - kuaidi100.py[line:107] - INFO: Get express information success,number=668976763501
2018-09-19 09:59:08,848 - kuaidi100.py[line:107] - INFO: sleep 0.647603584765s
2018-09-19 09:59:12,301 - kuaidi100.py[line:107] - INFO: Phone number duplication,number
2018-09-19 09:59:12,312 - kuaidi100.py[line:107] - INFO: Get express information success,number=668976717906
2018-09-19 09:59:13,895 - kuaidi100.py[line:107] - INFO: sleep 1.88324071817s
2018-09-19 09:59:18,141 - kuaidi100.py[line:107] - INFO: Get express information success,number=668976294159
2018-09-19 09:59:19,579 - kuaidi100.py[line:107] - INFO: sleep 3.04188425629s
2018-09-19 09:59:25,650 - kuaidi100.py[line:107] - INFO: Get express information success,number=668976281290
2018-09-19 09:59:27,262 - kuaidi100.py[line:107] - INFO: sleep 3.63486906409s
2018-09-19 09:59:33,385 - kuaidi100.py[line:107] - INFO: The express number(668976276137) is invalid.
2018-09-19 09:59:35,010 - kuaidi100.py[line:107] - INFO: sleep 2.66502301557s
2018-09-19 09:59:40,539 - kuaidi100.py[line:107] - INFO: Get express information success,number=668976026308
2018-09-19 09:59:42,148 - kuaidi100.py[line:107] - INFO: sleep 1.95657517239s
2018-09-19 09:59:46,456 - kuaidi100.py[line:107] - INFO: Phone number duplication,number
2018-09-19 09:59:46,473 - kuaidi100.py[line:107] - INFO: Get express information success,number=668976354049
2018-09-19 09:59:48,062 - kuaidi100.py[line:107] - INFO: sleep 3.28127539707s
2018-09-19 09:59:54,117 - kuaidi100.py[line:107] - INFO: Get express information success,number=668976418074
2018-09-19 09:59:55,750 - kuaidi100.py[line:107] - INFO: sleep 3.17227044545s
2018-09-19 10:00:00,948 - kuaidi100.py[line:107] - INFO: Phone number duplication,number
2018-09-19 10:00:00,967 - kuaidi100.py[line:107] - INFO: Get express information success,number=668976098832
2018-09-19 10:00:03,075 - kuaidi100.py[line:107] - INFO: sleep 1.19039357548s
2018-09-19 10:00:07,006 - kuaidi100.py[line:107] - INFO: Phone number duplication,number
2018-09-19 10:00:07,017 - kuaidi100.py[line:107] - INFO: Get express information success,number=668976158474
2018-09-19 10:00:08,535 - kuaidi100.py[line:107] - INFO: sleep 2.37850808593s
2018-09-19 10:00:13,410 - kuaidi100.py[line:107] - INFO: Get express information success,number=668976097486
2018-09-19 10:00:14,943 - kuaidi100.py[line:107] - INFO: sleep 3.20413064767s
2018-09-19 10:00:20,217 - kuaidi100.py[line:107] - INFO: Phone number duplication,number
2018-09-19 10:00:20,230 - kuaidi100.py[line:107] - INFO: Get express information success,number=668976366494
2018-09-19 10:00:21,760 - kuaidi100.py[line:107] - INFO: sleep 1.25299519217s
2018-09-19 10:00:25,816 - kuaidi100.py[line:107] - INFO: Phone number duplication,number
2018-09-19 10:00:25,832 - kuaidi100.py[line:107] - INFO: Get express information success,number=668976535406
2018-09-19 10:00:27,256 - kuaidi100.py[line:107] - INFO: sleep 1.08241777845s
2018-09-19 10:00:31,130 - kuaidi100.py[line:107] - INFO: Phone number duplication,number
2018-09-19 10:00:31,144 - kuaidi100.py[line:107] - INFO: Get express information success,number=668976411677
2018-09-19 10:00:32,680 - kuaidi100.py[line:107] - INFO: sleep 0.547266014398s
2018-09-19 10:00:35,282 - kuaidi100.py[line:107] - INFO: Phone number duplication,number
2018-09-19 10:00:35,298 - kuaidi100.py[line:107] - INFO: Get express information success,number=668976262929
2018-09-19 10:00:36,891 - kuaidi100.py[line:107] - INFO: sleep 1.33859415989s
2018-09-19 10:00:40,961 - kuaidi100.py[line:107] - INFO: Phone number duplication,number
2018-09-19 10:00:40,976 - kuaidi100.py[line:107] - INFO: Get express information success,number=668976379601
2018-09-19 10:00:42,596 - kuaidi100.py[line:107] - INFO: sleep 2.45005635552s
2018-09-19 10:00:47,851 - kuaidi100.py[line:107] - INFO: Get express information success,number=668976493831
2018-09-19 10:00:49,232 - kuaidi100.py[line:107] - INFO: sleep 2.24126536385s
2018-09-19 10:00:53,855 - kuaidi100.py[line:107] - INFO: Phone number duplication,number
2018-09-19 10:00:53,869 - kuaidi100.py[line:107] - INFO: Get express information success,number=668976075595
2018-09-19 10:00:55,469 - kuaidi100.py[line:107] - INFO: sleep 2.057555987s
2018-09-19 10:01:00,440 - kuaidi100.py[line:107] - INFO: Phone number duplication,number
2018-09-19 10:01:00,457 - kuaidi100.py[line:107] - INFO: Get express information success,number=668976726261
2018-09-19 10:01:02,095 - kuaidi100.py[line:107] - INFO: sleep 0.409205575655s
2018-09-19 10:01:05,305 - kuaidi100.py[line:107] - INFO: Get express information success,number=668976785419
2018-09-19 10:01:06,846 - kuaidi100.py[line:107] - INFO: sleep 0.879533440581s
2018-09-19 10:01:10,556 - kuaidi100.py[line:107] - INFO: Phone number duplication,number
2018-09-19 10:01:10,569 - kuaidi100.py[line:107] - INFO: Get express information success,number=668976178784
2018-09-19 10:01:12,168 - kuaidi100.py[line:107] - INFO: sleep 1.25438736602s
2018-09-19 10:01:16,190 - kuaidi100.py[line:107] - INFO: Get express information success,number=668976592330
2018-09-19 10:01:17,723 - kuaidi100.py[line:107] - INFO: sleep 3.25501740013s
2018-09-19 10:01:24,032 - kuaidi100.py[line:107] - INFO: Get express information success,number=668976428635
2018-09-19 10:01:25,576 - kuaidi100.py[line:107] - INFO: sleep 1.05340927575s
2018-09-19 10:01:29,359 - kuaidi100.py[line:107] - INFO: Phone number duplication,number
2018-09-19 10:01:29,372 - kuaidi100.py[line:107] - INFO: Get express information success,number=668976768634
2018-09-19 10:01:30,913 - kuaidi100.py[line:107] - INFO: sleep 1.97215199959s
2018-09-19 10:01:35,188 - kuaidi100.py[line:107] - INFO: Get express information success,number=668976574887
2018-09-19 10:01:36,744 - kuaidi100.py[line:107] - INFO: sleep 0.462617962168s
2018-09-19 10:01:40,147 - kuaidi100.py[line:107] - INFO: Get express information success,number=668976828184
2018-09-19 10:01:41,690 - kuaidi100.py[line:107] - INFO: sleep 3.33435057629s
2018-09-19 10:01:47,869 - kuaidi100.py[line:107] - INFO: Phone number duplication,number
2018-09-19 10:01:47,887 - kuaidi100.py[line:107] - INFO: Get express information success,number=668976170980
2018-09-19 10:01:49,433 - kuaidi100.py[line:107] - INFO: sleep 3.87375776025s
2018-09-19 10:01:56,220 - kuaidi100.py[line:107] - INFO: Get express information success,number=668976634370
2018-09-19 10:01:57,757 - kuaidi100.py[line:107] - INFO: sleep 0.209262442518s
2018-09-19 10:02:00,779 - kuaidi100.py[line:107] - INFO: Get express information success,number=668976642155
2018-09-19 10:02:02,332 - kuaidi100.py[line:107] - INFO: sleep 0.97337611087s
2018-09-19 10:02:06,082 - kuaidi100.py[line:107] - INFO: Phone number duplication,number
2018-09-19 10:02:06,098 - kuaidi100.py[line:107] - INFO: Get express information success,number=668976807179
2018-09-19 10:02:07,650 - kuaidi100.py[line:107] - INFO: sleep 2.47368731238s
2018-09-19 10:02:12,926 - kuaidi100.py[line:107] - INFO: Get express information success,number=668976867967
2018-09-19 10:02:14,467 - kuaidi100.py[line:107] - INFO: sleep 3.87576981601s
2018-09-19 10:02:21,171 - kuaidi100.py[line:107] - INFO: Get express information success,number=668976228032
2018-09-19 10:02:22,726 - kuaidi100.py[line:107] - INFO: sleep 3.21983480103s
2018-09-19 10:02:28,779 - kuaidi100.py[line:107] - INFO: Get express information success,number=668976998400
2018-09-19 10:02:30,361 - kuaidi100.py[line:107] - INFO: sleep 0.792929799453s
2018-09-19 10:02:33,910 - kuaidi100.py[line:107] - INFO: Phone number duplication,number
2018-09-19 10:02:33,927 - kuaidi100.py[line:107] - INFO: Get express information success,number=668976310265
2018-09-19 10:02:35,517 - kuaidi100.py[line:107] - INFO: sleep 0.11404273322s
2018-09-19 10:02:38,470 - kuaidi100.py[line:107] - INFO: Get express information success,number=668976058465
2018-09-19 10:02:40,019 - kuaidi100.py[line:107] - INFO: sleep 2.38380988734s
2018-09-19 10:02:45,250 - kuaidi100.py[line:107] - INFO: Phone number duplication,number
2018-09-19 10:02:45,269 - kuaidi100.py[line:107] - INFO: Get express information success,number=668976590203
2018-09-19 10:02:46,798 - kuaidi100.py[line:107] - INFO: sleep 0.134224744852s
2018-09-19 10:02:49,783 - kuaidi100.py[line:107] - INFO: Get express information success,number=668976567848
2018-09-19 10:02:51,341 - kuaidi100.py[line:107] - INFO: sleep 0.579115898051s
2018-09-19 10:02:54,655 - kuaidi100.py[line:107] - INFO: Get express information success,number=668976184065
2018-09-19 10:02:56,177 - kuaidi100.py[line:107] - INFO: sleep 2.65130211438s
2018-09-19 10:03:01,665 - kuaidi100.py[line:107] - INFO: Get express information success,number=668976050388
2018-09-19 10:03:03,296 - kuaidi100.py[line:107] - INFO: sleep 1.25507735596s
2018-09-19 10:03:07,486 - kuaidi100.py[line:107] - INFO: Get express information success,number=668976198116
2018-09-19 10:03:09,045 - kuaidi100.py[line:107] - INFO: sleep 0.924443368057s
2018-09-19 10:03:13,154 - kuaidi100.py[line:107] - INFO: Phone number duplication,number
2018-09-19 10:03:13,167 - kuaidi100.py[line:107] - INFO: Get express information success,number=668976620343
2018-09-19 10:03:14,714 - kuaidi100.py[line:107] - INFO: sleep 3.04997207342s
2018-09-19 10:03:20,628 - kuaidi100.py[line:107] - INFO: Get express information success,number=668976679688
2018-09-19 10:03:22,161 - kuaidi100.py[line:107] - INFO: sleep 1.11814766782s
2018-09-19 10:03:25,868 - kuaidi100.py[line:107] - INFO: Get express information success,number=668976822106
2018-09-19 10:03:27,460 - kuaidi100.py[line:107] - INFO: sleep 0.561889800022s
2018-09-19 10:03:30,865 - kuaidi100.py[line:107] - INFO: Get express information success,number=668976805948
2018-09-19 10:03:32,417 - kuaidi100.py[line:107] - INFO: sleep 0.897556927451s
2018-09-19 10:03:35,602 - kuaidi100.py[line:109] - ERROR: (1064, "You have an error in your SQL syntax; check the manual that corresponds to your MySQL server version for the right syntax to use near '/a>304276 limit 1' at line 1")
2018-09-19 10:03:35,628 - kuaidi100.py[line:107] - INFO: sleep 3.59760699629s
2018-09-19 10:03:42,066 - kuaidi100.py[line:107] - INFO: Get express information success,number=668976666197
2018-09-19 10:03:43,869 - kuaidi100.py[line:107] - INFO: sleep 3.34540591462s
2018-09-19 10:03:49,884 - kuaidi100.py[line:107] - INFO: Phone number duplication,number
2018-09-19 10:03:49,900 - kuaidi100.py[line:107] - INFO: Get express information success,number=668976529918
2018-09-19 10:03:51,460 - kuaidi100.py[line:107] - INFO: sleep 3.04363740595s
2018-09-19 10:03:57,155 - kuaidi100.py[line:107] - INFO: Phone number duplication,number
2018-09-19 10:03:57,178 - kuaidi100.py[line:107] - INFO: Get express information success,number=668976314482
2018-09-19 10:03:58,727 - kuaidi100.py[line:107] - INFO: sleep 1.82968935444s
2018-09-19 10:04:03,326 - kuaidi100.py[line:107] - INFO: Phone number duplication,number
2018-09-19 10:04:03,342 - kuaidi100.py[line:107] - INFO: Get express information success,number=668976352927
2018-09-19 10:04:04,871 - kuaidi100.py[line:107] - INFO: sleep 3.00987567034s
2018-09-19 10:04:10,775 - kuaidi100.py[line:107] - INFO: Get express information success,number=668976058926
2018-09-19 10:04:12,973 - kuaidi100.py[line:107] - INFO: sleep 3.6521243035s
2018-09-19 10:04:19,454 - kuaidi100.py[line:107] - INFO: Get express information success,number=668976134153
2018-09-19 10:04:21,095 - kuaidi100.py[line:107] - INFO: sleep 2.13605160614s
2018-09-19 10:04:26,069 - kuaidi100.py[line:107] - INFO: Get express information success,number=668976504007
2018-09-19 10:04:27,618 - kuaidi100.py[line:107] - INFO: sleep 2.60902826118s
2018-09-19 10:04:33,049 - kuaidi100.py[line:107] - INFO: Get express information success,number=668976195904
2018-09-19 10:04:34,650 - kuaidi100.py[line:107] - INFO: sleep 3.59655716991s
2018-09-19 10:04:40,858 - kuaidi100.py[line:107] - INFO: Phone number duplication,number
2018-09-19 10:04:40,871 - kuaidi100.py[line:107] - INFO: Get express information success,number=668976792282
2018-09-19 10:04:43,055 - kuaidi100.py[line:107] - INFO: sleep 1.70375519887s
2018-09-19 10:04:47,266 - kuaidi100.py[line:107] - INFO: Get express information success,number=668976147744
2018-09-19 10:04:48,826 - kuaidi100.py[line:107] - INFO: sleep 1.80666440048s
2018-09-19 10:04:53,463 - kuaidi100.py[line:107] - INFO: Get express information success,number=668976829176
2018-09-19 10:04:55,032 - kuaidi100.py[line:107] - INFO: sleep 0.800024557067s
2018-09-19 10:04:58,351 - kuaidi100.py[line:107] - INFO: Phone number duplication,number
2018-09-19 10:04:58,375 - kuaidi100.py[line:107] - INFO: Get express information success,number=668976216951
2018-09-19 10:04:59,926 - kuaidi100.py[line:107] - INFO: sleep 0.631199981565s
2018-09-19 10:05:02,887 - kuaidi100.py[line:107] - INFO: Phone number duplication,number
2018-09-19 10:05:02,904 - kuaidi100.py[line:107] - INFO: Get express information success,number=668976264697
2018-09-19 10:05:04,489 - kuaidi100.py[line:107] - INFO: sleep 2.71824254091s
2018-09-19 10:05:09,967 - kuaidi100.py[line:107] - INFO: Phone number duplication,number
2018-09-19 10:05:09,982 - kuaidi100.py[line:107] - INFO: Get express information success,number=668976990792
2018-09-19 10:05:11,546 - kuaidi100.py[line:107] - INFO: sleep 2.70953342826s
2018-09-19 10:05:17,098 - kuaidi100.py[line:107] - INFO: Get express information success,number=668976149560
2018-09-19 10:05:18,493 - kuaidi100.py[line:107] - INFO: sleep 3.71951908858s
2018-09-19 10:05:25,028 - kuaidi100.py[line:107] - INFO: Get express information success,number=668976549363
2018-09-19 10:05:26,605 - kuaidi100.py[line:107] - INFO: sleep 3.13213583203s
2018-09-19 10:05:32,578 - kuaidi100.py[line:107] - INFO: Phone number duplication,number
2018-09-19 10:05:32,595 - kuaidi100.py[line:107] - INFO: Get express information success,number=668976850572
2018-09-19 10:05:34,134 - kuaidi100.py[line:107] - INFO: sleep 0.70435683356s
2018-09-19 10:05:37,619 - kuaidi100.py[line:107] - INFO: Get express information success,number=668976757021
2018-09-19 10:05:39,155 - kuaidi100.py[line:107] - INFO: sleep 1.50933215487s
2018-09-19 10:05:43,421 - kuaidi100.py[line:107] - INFO: Get express information success,number=668976046140
2018-09-19 10:05:45,022 - kuaidi100.py[line:107] - INFO: sleep 2.83510894079s
2018-09-19 10:05:50,230 - kuaidi100.py[line:107] - INFO: Phone number duplication,number
2018-09-19 10:05:50,244 - kuaidi100.py[line:107] - INFO: Get express information success,number=668976196521
2018-09-19 10:05:51,789 - kuaidi100.py[line:107] - INFO: sleep 1.2416939038s
2018-09-19 10:05:55,848 - kuaidi100.py[line:107] - INFO: Get express information success,number=668976770773
2018-09-19 10:05:57,430 - kuaidi100.py[line:107] - INFO: sleep 1.76887609571s
2018-09-19 10:06:02,039 - kuaidi100.py[line:107] - INFO: Get express information success,number=668976235645
2018-09-19 10:06:03,694 - kuaidi100.py[line:107] - INFO: sleep 1.28300838685s
2018-09-19 10:06:07,806 - kuaidi100.py[line:107] - INFO: Get express information success,number=668976303530
2018-09-19 10:06:09,361 - kuaidi100.py[line:107] - INFO: sleep 2.40403275998s
2018-09-19 10:06:14,581 - kuaidi100.py[line:107] - INFO: Get express information success,number=668976259696
2018-09-19 10:06:16,173 - kuaidi100.py[line:107] - INFO: sleep 1.50329879698s
2018-09-19 10:06:20,525 - kuaidi100.py[line:107] - INFO: Get express information success,number=668976577274
2018-09-19 10:06:22,058 - kuaidi100.py[line:107] - INFO: sleep 0.957383522324s
2018-09-19 10:06:25,983 - kuaidi100.py[line:107] - INFO: Phone number duplication,number
2018-09-19 10:06:26,000 - kuaidi100.py[line:107] - INFO: Get express information success,number=668976657414
2018-09-19 10:06:27,549 - kuaidi100.py[line:107] - INFO: sleep 0.825922540069s
2018-09-19 10:06:31,161 - kuaidi100.py[line:107] - INFO: Get express information success,number=668976171818
2018-09-19 10:06:32,700 - kuaidi100.py[line:107] - INFO: sleep 1.73259221121s
2018-09-19 10:06:37,252 - kuaidi100.py[line:107] - INFO: Get express information success,number=668976579062
2018-09-19 10:06:38,953 - kuaidi100.py[line:107] - INFO: sleep 1.93192804837s
2018-09-19 10:06:43,673 - kuaidi100.py[line:107] - INFO: Phone number duplication,number
2018-09-19 10:06:43,684 - kuaidi100.py[line:107] - INFO: Get express information success,number=668976587211
2018-09-19 10:06:45,234 - kuaidi100.py[line:107] - INFO: sleep 2.59584877725s
2018-09-19 10:06:50,661 - kuaidi100.py[line:107] - INFO: Phone number duplication,number
2018-09-19 10:06:50,673 - kuaidi100.py[line:107] - INFO: Get express information success,number=668976878161
2018-09-19 10:06:52,227 - kuaidi100.py[line:107] - INFO: sleep 0.0366710553313s
2018-09-19 10:06:55,045 - kuaidi100.py[line:107] - INFO: Get express information success,number=668976692702
2018-09-19 10:06:56,614 - kuaidi100.py[line:107] - INFO: sleep 3.69656599363s
2018-09-19 10:07:03,098 - kuaidi100.py[line:107] - INFO: Phone number duplication,number
2018-09-19 10:07:03,115 - kuaidi100.py[line:107] - INFO: Get express information success,number=668976197041
2018-09-19 10:07:04,668 - kuaidi100.py[line:107] - INFO: sleep 3.78215506727s
2018-09-19 10:07:11,256 - kuaidi100.py[line:107] - INFO: Phone number duplication,number
2018-09-19 10:07:11,279 - kuaidi100.py[line:107] - INFO: Get express information success,number=668976067557
2018-09-19 10:07:12,936 - kuaidi100.py[line:107] - INFO: sleep 2.3000500612s
2018-09-19 10:07:18,112 - kuaidi100.py[line:107] - INFO: Get express information success,number=668976878700
2018-09-19 10:07:19,716 - kuaidi100.py[line:107] - INFO: sleep 0.314314048601s
2018-09-19 10:07:22,855 - kuaidi100.py[line:107] - INFO: Get express information success,number=668976710257
2018-09-19 10:07:24,443 - kuaidi100.py[line:107] - INFO: sleep 3.82515631902s
2018-09-19 10:07:31,118 - kuaidi100.py[line:107] - INFO: Get express information success,number=668976123754
2018-09-19 10:07:32,661 - kuaidi100.py[line:107] - INFO: sleep 2.94117744742s
2018-09-19 10:07:37,973 - kuaidi100.py[line:107] - INFO: Phone number duplication,number
2018-09-19 10:07:37,990 - kuaidi100.py[line:107] - INFO: Get express information success,number=668976595419
2018-09-19 10:07:39,585 - kuaidi100.py[line:107] - INFO: sleep 0.28145847696s
2018-09-19 10:07:42,207 - kuaidi100.py[line:107] - INFO: Get express information success,number=668976519713
2018-09-19 10:07:43,742 - kuaidi100.py[line:107] - INFO: sleep 2.68680081453s
2018-09-19 10:07:48,822 - kuaidi100.py[line:107] - INFO: Get express information success,number=668976452875
2018-09-19 10:07:50,634 - kuaidi100.py[line:107] - INFO: sleep 0.833074374563s
2018-09-19 10:07:54,279 - kuaidi100.py[line:107] - INFO: Get express information success,number=668976233219
2018-09-19 10:07:55,844 - kuaidi100.py[line:107] - INFO: sleep 2.99193449828s
2018-09-19 10:08:01,657 - kuaidi100.py[line:107] - INFO: Phone number duplication,number
2018-09-19 10:08:01,677 - kuaidi100.py[line:107] - INFO: Get express information success,number=668976564977
2018-09-19 10:08:03,209 - kuaidi100.py[line:107] - INFO: sleep 0.854157802207s
2018-09-19 10:08:06,835 - kuaidi100.py[line:107] - INFO: Get express information success,number=668976552234
2018-09-19 10:08:08,372 - kuaidi100.py[line:107] - INFO: sleep 3.01202847156s
2018-09-19 10:08:13,677 - kuaidi100.py[line:107] - INFO: Get express information success,number=668976259672
2018-09-19 10:08:15,246 - kuaidi100.py[line:107] - INFO: sleep 2.81345690095s
2018-09-19 10:08:20,832 - kuaidi100.py[line:107] - INFO: The express number(668976649429) is invalid.
2018-09-19 10:08:22,388 - kuaidi100.py[line:107] - INFO: sleep 3.46009501559s
2018-09-19 10:08:28,640 - kuaidi100.py[line:107] - INFO: Phone number duplication,number
2018-09-19 10:08:28,655 - kuaidi100.py[line:107] - INFO: Get express information success,number=668976124039
2018-09-19 10:08:30,247 - kuaidi100.py[line:107] - INFO: sleep 3.4121047071s
2018-09-19 10:08:36,487 - kuaidi100.py[line:109] - ERROR: (1064, "You have an error in your SQL syntax; check the manual that corresponds to your MySQL server version for the right syntax to use near '/a>503415 limit 1' at line 1")
2018-09-19 10:08:36,529 - kuaidi100.py[line:107] - INFO: sleep 0.959106001241s
2018-09-19 10:08:40,263 - kuaidi100.py[line:107] - INFO: Phone number duplication,number
2018-09-19 10:08:40,283 - kuaidi100.py[line:107] - INFO: Get express information success,number=668976110718
2018-09-19 10:08:41,844 - kuaidi100.py[line:107] - INFO: sleep 2.12049535325s
2018-09-19 10:08:46,763 - kuaidi100.py[line:107] - INFO: Phone number duplication,number
2018-09-19 10:08:46,779 - kuaidi100.py[line:107] - INFO: Get express information success,number=668976789347
2018-09-19 10:08:48,361 - kuaidi100.py[line:107] - INFO: sleep 1.25548272178s
2018-09-19 10:08:52,447 - kuaidi100.py[line:107] - INFO: Get express information success,number=668976755706
2018-09-19 10:08:54,039 - kuaidi100.py[line:107] - INFO: sleep 1.90137076444s
2018-09-19 10:08:58,684 - kuaidi100.py[line:107] - INFO: Phone number duplication,number
2018-09-19 10:08:58,694 - kuaidi100.py[line:107] - INFO: Get express information success,number=668976946180
2018-09-19 10:09:00,346 - kuaidi100.py[line:107] - INFO: sleep 2.14498420244s
2018-09-19 10:09:05,312 - kuaidi100.py[line:107] - INFO: Phone number duplication,number
2018-09-19 10:09:05,328 - kuaidi100.py[line:107] - INFO: Get express information success,number=668976004572
2018-09-19 10:09:06,973 - kuaidi100.py[line:107] - INFO: sleep 2.02546515044s
2018-09-19 10:09:11,987 - kuaidi100.py[line:107] - INFO: Get express information success,number=668976738298
2018-09-19 10:09:13,572 - kuaidi100.py[line:107] - INFO: sleep 2.22993898097s
2018-09-19 10:09:18,624 - kuaidi100.py[line:107] - INFO: Get express information success,number=668976639476
2018-09-19 10:09:20,194 - kuaidi100.py[line:107] - INFO: sleep 3.91040289942s
2018-09-19 10:09:26,950 - kuaidi100.py[line:107] - INFO: Phone number duplication,number
2018-09-19 10:09:26,970 - kuaidi100.py[line:107] - INFO: Get express information success,number=668976800381
2018-09-19 10:09:28,513 - kuaidi100.py[line:107] - INFO: sleep 3.51823151875s
2018-09-19 10:09:34,822 - kuaidi100.py[line:107] - INFO: Get express information success,number=668976980264
2018-09-19 10:09:36,415 - kuaidi100.py[line:107] - INFO: sleep 0.702400054372s
2018-09-19 10:09:39,585 - kuaidi100.py[line:107] - INFO: Get express information success,number=668976573467
2018-09-19 10:09:41,167 - kuaidi100.py[line:107] - INFO: sleep 1.11502218935s
2018-09-19 10:09:45,073 - kuaidi100.py[line:107] - INFO: Phone number duplication,number
2018-09-19 10:09:45,092 - kuaidi100.py[line:107] - INFO: Get express information success,number=668976122807
2018-09-19 10:09:46,663 - kuaidi100.py[line:107] - INFO: sleep 1.85316966902s
2018-09-19 10:09:50,885 - kuaidi100.py[line:107] - INFO: Get express information success,number=668976260273
2018-09-19 10:09:52,428 - kuaidi100.py[line:107] - INFO: sleep 1.02223227114s
2018-09-19 10:09:56,134 - kuaidi100.py[line:107] - INFO: Phone number duplication,number
2018-09-19 10:09:56,148 - kuaidi100.py[line:107] - INFO: Get express information success,number=668976811964
2018-09-19 10:09:57,686 - kuaidi100.py[line:107] - INFO: sleep 2.97059626376s
2018-09-19 10:10:03,430 - kuaidi100.py[line:107] - INFO: Phone number duplication,number
2018-09-19 10:10:03,448 - kuaidi100.py[line:107] - INFO: Get express information success,number=668976750569
