2018-10-30 14:21:00,510 - multiThread.py[line:48] - INFO: A sleep 2s......
2018-10-30 14:21:00,510 - multiThread.py[line:48] - INFO: B sleep 2s......
2018-10-30 14:21:02,519 - multiThread.py[line:48] - INFO: B sleep 2s......
2018-10-30 14:21:02,519 - multiThread.py[line:48] - INFO: A sleep 2s......
2018-10-30 14:21:04,522 - multiThread.py[line:48] - INFO: B sleep 2s......
2018-10-30 14:21:04,523 - multiThread.py[line:48] - INFO: A sleep 2s......
2018-10-30 14:21:06,525 - multiThread.py[line:48] - INFO: B sleep 2s......
2018-10-30 14:21:06,527 - multiThread.py[line:48] - INFO: A sleep 2s......
2018-10-30 14:21:08,530 - multiThread.py[line:48] - INFO: B sleep 2s......
2018-10-30 14:21:08,531 - multiThread.py[line:48] - INFO: A sleep 2s......
2018-10-30 14:21:10,539 - multiThread.py[line:48] - INFO: B sleep 2s......
2018-10-30 14:21:10,541 - multiThread.py[line:48] - INFO: A sleep 2s......
2018-10-30 14:21:12,557 - multiThread.py[line:48] - INFO: B sleep 2s......
2018-10-30 14:21:12,561 - multiThread.py[line:48] - INFO: A sleep 2s......
2018-10-30 14:21:14,563 - multiThread.py[line:48] - INFO: B sleep 2s......
2018-10-30 14:21:14,565 - multiThread.py[line:48] - INFO: A sleep 2s......
2018-10-30 14:21:16,566 - multiThread.py[line:48] - INFO: B sleep 2s......
2018-10-30 14:21:16,570 - multiThread.py[line:48] - INFO: A sleep 2s......
2018-10-30 14:21:18,570 - multiThread.py[line:48] - INFO: B sleep 2s......
2018-10-30 14:21:18,574 - multiThread.py[line:48] - INFO: A sleep 2s......
2018-10-30 14:21:20,579 - multiThread.py[line:48] - INFO: B sleep 2s......
2018-10-30 14:21:20,581 - multiThread.py[line:48] - INFO: A sleep 2s......
2018-10-30 14:21:22,582 - multiThread.py[line:48] - INFO: B sleep 2s......
2018-10-30 14:21:22,585 - multiThread.py[line:48] - INFO: A sleep 2s......
2018-10-30 14:21:24,585 - multiThread.py[line:48] - INFO: B sleep 2s......
2018-10-30 14:21:24,590 - multiThread.py[line:48] - INFO: A sleep 2s......
2018-10-30 14:21:26,588 - multiThread.py[line:48] - INFO: B sleep 2s......
2018-10-30 14:21:26,594 - multiThread.py[line:48] - INFO: A sleep 2s......
2018-10-30 14:21:28,594 - multiThread.py[line:48] - INFO: B sleep 2s......
2018-10-30 14:21:28,601 - multiThread.py[line:48] - INFO: A sleep 2s......
2018-10-30 14:21:30,601 - multiThread.py[line:48] - INFO: B sleep 2s......
2018-10-30 14:21:30,604 - multiThread.py[line:48] - INFO: A sleep 2s......
2018-10-30 14:21:32,605 - multiThread.py[line:48] - INFO: B sleep 2s......
2018-10-30 14:21:32,610 - multiThread.py[line:48] - INFO: A sleep 2s......
2018-10-30 14:21:34,611 - multiThread.py[line:48] - INFO: B sleep 2s......
2018-10-30 14:21:34,613 - multiThread.py[line:48] - INFO: A sleep 2s......
2018-10-30 14:21:36,616 - multiThread.py[line:48] - INFO: B sleep 2s......
2018-10-30 14:21:36,617 - multiThread.py[line:48] - INFO: A sleep 2s......
2018-10-30 14:21:38,625 - multiThread.py[line:48] - INFO: B sleep 2s......
2018-10-30 14:21:38,627 - multiThread.py[line:48] - INFO: A sleep 2s......
2018-10-30 14:21:40,629 - multiThread.py[line:48] - INFO: A sleep 2s......
2018-10-30 14:21:40,630 - multiThread.py[line:48] - INFO: B sleep 2s......
2018-10-30 14:21:42,643 - multiThread.py[line:48] - INFO: A sleep 2s......
2018-10-30 14:21:42,643 - multiThread.py[line:48] - INFO: B sleep 2s......
2018-10-30 14:21:44,667 - multiThread.py[line:48] - INFO: A sleep 2s......
2018-10-30 14:21:44,669 - multiThread.py[line:48] - INFO: B sleep 2s......
2018-10-30 14:21:46,670 - multiThread.py[line:48] - INFO: A sleep 2s......
2018-10-30 14:21:46,671 - multiThread.py[line:48] - INFO: B sleep 2s......
2018-10-30 14:21:48,673 - multiThread.py[line:48] - INFO: B sleep 2s......
2018-10-30 14:21:48,673 - multiThread.py[line:48] - INFO: A sleep 2s......
2018-10-30 14:21:50,677 - multiThread.py[line:48] - INFO: B sleep 2s......
2018-10-30 14:21:50,678 - multiThread.py[line:48] - INFO: A sleep 2s......
2018-10-30 14:21:52,683 - multiThread.py[line:48] - INFO: B sleep 2s......
2018-10-30 14:21:52,693 - multiThread.py[line:48] - INFO: A sleep 2s......
2018-10-30 14:21:54,690 - multiThread.py[line:48] - INFO: B sleep 2s......
2018-10-30 14:21:54,701 - multiThread.py[line:48] - INFO: A sleep 2s......
2018-10-30 14:21:56,694 - multiThread.py[line:48] - INFO: B sleep 2s......
2018-10-30 14:21:56,709 - multiThread.py[line:48] - INFO: A sleep 2s......
2018-10-30 14:21:58,699 - multiThread.py[line:48] - INFO: B sleep 2s......
2018-10-30 14:21:58,713 - multiThread.py[line:48] - INFO: A sleep 2s......
2018-10-30 14:22:00,706 - multiThread.py[line:48] - INFO: B sleep 2s......
2018-10-30 14:22:00,722 - multiThread.py[line:48] - INFO: A sleep 2s......
2018-10-30 14:22:02,710 - multiThread.py[line:48] - INFO: B sleep 2s......
2018-10-30 14:22:02,727 - multiThread.py[line:48] - INFO: A sleep 2s......
2018-10-30 14:22:04,715 - multiThread.py[line:48] - INFO: B sleep 2s......
2018-10-30 14:22:04,731 - multiThread.py[line:48] - INFO: A sleep 2s......
2018-10-30 14:22:06,725 - multiThread.py[line:48] - INFO: B sleep 2s......
2018-10-30 14:22:06,733 - multiThread.py[line:48] - INFO: A sleep 2s......
2018-10-30 14:22:08,733 - multiThread.py[line:48] - INFO: B sleep 2s......
2018-10-30 14:22:08,742 - multiThread.py[line:48] - INFO: A sleep 2s......
2018-10-30 14:22:10,743 - multiThread.py[line:48] - INFO: B sleep 2s......
2018-10-30 14:22:10,753 - multiThread.py[line:48] - INFO: A sleep 2s......
2018-10-30 14:22:12,750 - multiThread.py[line:48] - INFO: B sleep 2s......
2018-10-30 14:22:12,765 - multiThread.py[line:48] - INFO: A sleep 2s......
2018-10-30 14:22:14,753 - multiThread.py[line:48] - INFO: B sleep 2s......
2018-10-30 14:22:14,769 - multiThread.py[line:48] - INFO: A sleep 2s......
2018-10-30 14:22:16,764 - multiThread.py[line:48] - INFO: B sleep 2s......
2018-10-30 14:22:16,775 - multiThread.py[line:48] - INFO: A sleep 2s......
2018-10-30 14:22:18,770 - multiThread.py[line:48] - INFO: B sleep 2s......
2018-10-30 14:22:18,779 - multiThread.py[line:48] - INFO: A sleep 2s......
2018-10-30 14:22:20,773 - multiThread.py[line:48] - INFO: B sleep 2s......
2018-10-30 14:22:20,781 - multiThread.py[line:48] - INFO: A sleep 2s......
2018-10-30 14:22:22,776 - multiThread.py[line:48] - INFO: B sleep 2s......
2018-10-30 14:22:22,785 - multiThread.py[line:48] - INFO: A sleep 2s......
2018-10-30 14:22:24,780 - multiThread.py[line:48] - INFO: B sleep 2s......
2018-10-30 14:22:24,788 - multiThread.py[line:48] - INFO: A sleep 2s......
2018-10-30 14:22:26,148 - multiThread.py[line:70] - INFO: True
2018-10-30 14:22:26,148 - multiThread.py[line:71] - INFO: True
2018-10-30 14:22:26,149 - multiThread.py[line:72] - INFO: quit sleep 1s
2018-10-30 14:22:26,785 - multiThread.py[line:48] - INFO: B sleep 2s......
2018-10-30 14:22:26,785 - multiThread.py[line:49] - INFO: B stop...
2018-10-30 14:22:26,799 - multiThread.py[line:48] - INFO: A sleep 2s......
2018-10-30 14:22:26,800 - multiThread.py[line:49] - INFO: A stop...
2018-10-30 14:22:27,150 - multiThread.py[line:70] - INFO: False
2018-10-30 14:22:27,150 - multiThread.py[line:71] - INFO: False
2018-10-30 14:22:27,150 - multiThread.py[line:72] - INFO: quit sleep 1s
2018-10-30 14:22:27,151 - multiThread.py[line:75] - INFO: quit break
2018-10-30 14:22:27,151 - multiThread.py[line:77] - INFO: You choose to stop me.
2018-10-30 14:47:34,216 - test.py[line:12] - INFO: user-agent:Mozilla/4.0 (compatible; MSIE 6.0; Windows NT 5.1; SV1; QQDownload 732; .NET4.0C; .NET4.0E)
2018-10-30 14:48:15,907 - test.py[line:12] - INFO: user-agent:Mozilla/5.0 (X11; U; Linux x86_64; zh-CN; rv:1.9.2.10) Gecko/20100922 Ubuntu/10.10 (maverick) Firefox/3.6.10
2018-10-30 14:48:39,410 - test.py[line:12] - INFO: user-agent:Mozilla/5.0 (Windows NT 6.1; WOW64) AppleWebKit/537.1 (KHTML, like Gecko) Chrome/21.0.1180.89 Safari/537.1
2018-10-30 14:51:21,947 - test.py[line:12] - INFO: user-agent:Mozilla/5.0 (Windows NT 6.1; WOW64) AppleWebKit/535.11 (KHTML, like Gecko) Chrome/17.0.963.56 Safari/535.11
2018-10-30 14:51:49,045 - test.py[line:12] - INFO: user-agent:Mozilla/5.0 (Windows; U; Windows NT 5.1; en-US; rv:1.8.1.2pre) Gecko/20070215 K-Ninja/2.1.1
2018-10-30 14:51:56,615 - test.py[line:23] - INFO: <html platform="win" class="theme-light" dir="ltr"><head><meta http-equiv="Content-Security-Policy" content="default-src 'none' ; script-src resource:; "><link rel="stylesheet" type="text/css" href="resource://devtools-client-jsonview/css/main.css"><script type="text/javascript" charset="utf-8" async="" data-requirecontext="_" data-requiremodule="viewer-config" src="resource://devtools-client-jsonview/viewer-config.js"></script><script type="text/javascript" charset="utf-8" async="" data-requirecontext="_" data-requiremodule="json-viewer" src="resource://devtools-client-jsonview/json-viewer.js"></script></head><body><div id="content"><div id="json">{
  "args": {
    "show_env": "1"
  }, 
  "headers": {
    "Accept": "text/html,application/xhtml+xml,application/xml;q=0.9,*/*;q=0.8", 
    "Accept-Encoding": "gzip, deflate, br", 
    "Accept-Language": "zh-CN,zh;q=0.8,zh-TW;q=0.7,zh-HK;q=0.5,en-US;q=0.3,en;q=0.2", 
    "Connect-Time": "0", 
    "Connection": "close", 
    "Host": "httpbin.org", 
    "Total-Route-Time": "1", 
    "Upgrade-Insecure-Requests": "1", 
    "User-Agent": "Mozilla/5.0 (Windows; U; Windows NT 5.1; en-US; rv:1.8.1.2pre) Gecko/20070215 K-Ninja/2.1.1", 
    "Via": "1.1 vegur", 
    "X-Forwarded-For": "116.18.228.28", 
    "X-Forwarded-Port": "443", 
    "X-Forwarded-Proto": "https", 
    "X-Request-Id": "af1e2125-0c8f-49a4-b9ac-913a34a90d69", 
    "X-Request-Start": "1540882317773"
  }, 
  "origin": "116.18.228.28", 
  "url": "https://httpbin.org/get?show_env=1"
}
</div></div><script src="resource://devtools-client-jsonview/lib/require.js" data-main="resource://devtools-client-jsonview/viewer-config.js"></script></body></html>
2018-10-30 14:53:57,354 - test.py[line:12] - INFO: user-agent:Mozilla/5.0 (X11; U; Linux i686; en-US; rv:1.9.0.8) Gecko Fedora/1.9.0.8-1.fc10 Kazehakase/0.5.6
2018-10-30 14:54:04,713 - test.py[line:23] - INFO: <html platform="win" class="theme-light" dir="ltr"><head><meta http-equiv="Content-Security-Policy" content="default-src 'none' ; script-src resource:; "><link rel="stylesheet" type="text/css" href="resource://devtools-client-jsonview/css/main.css"><script type="text/javascript" charset="utf-8" async="" data-requirecontext="_" data-requiremodule="viewer-config" src="resource://devtools-client-jsonview/viewer-config.js"></script><script type="text/javascript" charset="utf-8" async="" data-requirecontext="_" data-requiremodule="json-viewer" src="resource://devtools-client-jsonview/json-viewer.js"></script><script type="text/javascript" charset="utf-8" async="" data-requirecontext="_" data-requiremodule="devtools/client/shared/vendor/react-dom" src="resource://devtools-client-shared/vendor/react-dom.js"></script><script type="text/javascript" charset="utf-8" async="" data-requirecontext="_" data-requiremodule="devtools/client/shared/react-utils" src="resource://devtools-client-shared/react-utils.js"></script><script type="text/javascript" charset="utf-8" async="" data-requirecontext="_" data-requiremodule="components/MainTabbedArea" src="resource://devtools-client-jsonview/components/MainTabbedArea.js"></script><script type="text/javascript" charset="utf-8" async="" data-requirecontext="_" data-requiremodule="devtools/client/shared/components/tree/TreeView" src="resource://devtools-client-shared/components/tree/TreeView.js"></script></head><body><div id="content"><div id="json">{
  "args": {
    "show_env": "1"
  }, 
  "headers": {
    "Accept": "text/html,application/xhtml+xml,application/xml;q=0.9,*/*;q=0.8", 
    "Accept-Encoding": "gzip, deflate, br", 
    "Accept-Language": "zh-CN,zh;q=0.8,zh-TW;q=0.7,zh-HK;q=0.5,en-US;q=0.3,en;q=0.2", 
    "Connect-Time": "1", 
    "Connection": "close", 
    "Host": "httpbin.org", 
    "Total-Route-Time": "0", 
    "Upgrade-Insecure-Requests": "1", 
    "User-Agent": "Mozilla/5.0 (X11; U; Linux i686; en-US; rv:1.9.0.8) Gecko Fedora/1.9.0.8-1.fc10 Kazehakase/0.5.6", 
    "Via": "1.1 vegur", 
    "X-Forwarded-For": "116.18.228.28", 
    "X-Forwarded-Port": "443", 
    "X-Forwarded-Proto": "https", 
    "X-Request-Id": "8f48c447-c64e-42f9-8172-86224b1995c2", 
    "X-Request-Start": "1540882445882"
  }, 
  "origin": "116.18.228.28", 
  "url": "https://httpbin.org/get?show_env=1"
}
</div></div><script src="resource://devtools-client-jsonview/lib/require.js" data-main="resource://devtools-client-jsonview/viewer-config.js"></script></body></html>
