1540882437468	geckodriver	INFO	geckodriver 0.21.0
1540882437482	geckodriver	INFO	Listening on 127.0.0.1:56832
1540882440507	mozrunner::runner	INFO	Running command: "C:\\Program Files\\Mozilla Firefox\\firefox.exe" "-marionette" "-foreground" "-no-remote" "-profile" "C:\\Users\\ADMINI~1\\AppData\\Local\\Temp\\rust_mozprofile.6vQlqdZmi3DW"
1540882441298	addons.manager	DEBUG	Application has been upgraded
1540882441311	addons.manager	DEBUG	Loaded provider scope for resource://gre/modules/addons/XPIProvider.jsm: ["XPIProvider", "XPIInternal"]
1540882441314	addons.manager	DEBUG	Loaded provider scope for resource://gre/modules/LightweightThemeManager.jsm: ["LightweightThemeManager"]
1540882441331	addons.manager	DEBUG	Loaded provider scope for resource://gre/modules/addons/GMPProvider.jsm
1540882441333	addons.manager	DEBUG	Loaded provider scope for resource://gre/modules/addons/PluginProvider.jsm
1540882441333	addons.manager	DEBUG	Starting provider: XPIProvider
1540882441333	addons.xpi	DEBUG	startup
1540882441334	addons.xpi	INFO	SystemAddonLocation directory is missing
1540882441344	addons.xpi	INFO	Removing all system add-on upgrades.
1540882441345	addons.xpi	DEBUG	checkForChanges
1540882441346	addons.xpi	DEBUG	Loaded add-on state: ${}
1540882441346	addons.xpi	DEBUG	New add-on aushelper@mozilla.org in app-system-defaults
1540882441347	addons.xpi	DEBUG	New add-on firefox@getpocket.com in app-system-defaults
1540882441348	addons.xpi	DEBUG	New add-on formautofill@mozilla.org in app-system-defaults
1540882441349	addons.xpi	DEBUG	New add-on onboarding@mozilla.org in app-system-defaults
1540882441349	addons.xpi	DEBUG	New add-on screenshots@mozilla.org in app-system-defaults
1540882441350	addons.xpi	DEBUG	New add-on webcompat-reporter@mozilla.org in app-system-defaults
1540882441351	addons.xpi	DEBUG	New add-on webcompat@mozilla.org in app-system-defaults
1540882441351	addons.xpi	DEBUG	scanForChanges changed: true, state: {}
1540882441360	addons.xpi-utils	DEBUG	Error: Synchronously loading the add-ons database(resource://gre/modules/addons/XPIDatabase.jsm:1338:15) JS Stack trace: syncLoadDB@XPIDatabase.jsm:1338:15
checkForChanges@XPIProvider.jsm:2554:9
startup@XPIProvider.jsm:2134:25
callProvider@AddonManager.jsm:206:12
_startProvider@AddonManager.jsm:654:5
startup@AddonManager.jsm:807:9
startup@AddonManager.jsm:2802:5
observe@addonManager.js:66:9
1540882441361	addons.xpi-utils	DEBUG	Starting async load of XPI database C:\Users\Administrator\AppData\Local\Temp\rust_mozprofile.6vQlqdZmi3DW\extensions.json
1540882441397	addons.xpi-utils	DEBUG	New add-on aushelper@mozilla.org installed in app-system-defaults
*** Blocklist::_loadFileInternal: blocklist is disabled
1540882441418	addons.xpi-utils	DEBUG	New add-on firefox@getpocket.com installed in app-system-defaults
1540882441422	addons.xpi-utils	DEBUG	New add-on formautofill@mozilla.org installed in app-system-defaults
1540882441457	addons.xpi-utils	DEBUG	XPI Database saved, setting schema version preference to 27
1540882441502	addons.xpi-utils	DEBUG	New add-on onboarding@mozilla.org installed in app-system-defaults
1540882441509	addons.xpi-utils	DEBUG	New add-on screenshots@mozilla.org installed in app-system-defaults
1540882441512	addons.xpi-utils	DEBUG	New add-on webcompat-reporter@mozilla.org installed in app-system-defaults
1540882441515	addons.xpi-utils	DEBUG	New add-on webcompat@mozilla.org installed in app-system-defaults
1540882441523	addons.manager	DEBUG	Registering startup change 'installed' for aushelper@mozilla.org
1540882441527	addons.xpi	DEBUG	Loading bootstrap scope from C:\Program Files\Mozilla Firefox\browser\features\aushelper@mozilla.org.xpi
1540882441529	addons.xpi	DEBUG	Calling bootstrap method install on aushelper@mozilla.org version 2.0
1540882441529	addons.xpi-utils	DEBUG	Make addon app-system-defaults:aushelper@mozilla.org visible
1540882441529	addons.xpi	DEBUG	Updating XPIState for {"id":"aushelper@mozilla.org","syncGUID":"{136230ef-891a-47d6-9cfa-03850fe8df53}","version":"2.0","type":"extension","defaultLocale":{"name":"Application Update Service Helper","description":"Sets value(s) in the update url based on custom checks."},"visible":true,"active":false,"userDisabled":false,"appDisabled":false,"installDate":1539899808944,"updateDate":1539899808944,"applyBackgroundUpdates":1,"path":"C:\\Program Files\\Mozilla Firefox\\browser\\features\\aushelper@mozilla.org.xpi","skinnable":false,"sourceURI":null,"releaseNotesURI":null,"softDisabled":false,"foreignInstall":false,"strictCompatibility":false,"locales":[],"targetApplications":[{"id":"{ec8030f7-c20a-464f-9b0e-13a3a9e97384}","minVersion":"63.0","maxVersion":"63.*"}],"targetPlatforms":[],"seen":true,"dependencies":[],"hasEmbeddedWebExtension":false,"userPermissions":null,"icons":{},"blocklistState":0,"blocklistURL":null,"startupData":null,"hidden":true,"location":"app-system-defaults"}
1540882441529	addons.manager	DEBUG	Registering startup change 'installed' for firefox@getpocket.com
1540882441530	addons.xpi	DEBUG	Loading bootstrap scope from C:\Program Files\Mozilla Firefox\browser\features\firefox@getpocket.com.xpi
1540882441533	addons.xpi	DEBUG	Calling bootstrap method install on firefox@getpocket.com version 1.0.5
1540882441533	addons.xpi-utils	DEBUG	Make addon app-system-defaults:firefox@getpocket.com visible
1540882441533	addons.xpi	DEBUG	Updating XPIState for {"id":"firefox@getpocket.com","syncGUID":"{93853ea9-0da3-4f90-878a-ac930ef596df}","version":"1.0.5","type":"extension","defaultLocale":{"name":"Pocket","description":"When you find something you want to view later, put it in Pocket."},"visible":true,"active":false,"userDisabled":false,"appDisabled":false,"installDate":1539899808948,"updateDate":1539899808948,"applyBackgroundUpdates":1,"path":"C:\\Program Files\\Mozilla Firefox\\browser\\features\\firefox@getpocket.com.xpi","skinnable":false,"sourceURI":null,"releaseNotesURI":null,"softDisabled":false,"foreignInstall":false,"strictCompatibility":false,"locales":[],"targetApplications":[{"id":"{ec8030f7-c20a-464f-9b0e-13a3a9e97384}","minVersion":"63.0","maxVersion":"63.*"}],"targetPlatforms":[],"seen":true,"dependencies":[],"hasEmbeddedWebExtension":false,"userPermissions":null,"icons":{},"blocklistState":0,"blocklistURL":null,"startupData":null,"hidden":true,"location":"app-system-defaults"}
1540882441534	addons.manager	DEBUG	Registering startup change 'installed' for formautofill@mozilla.org
1540882441534	addons.xpi	DEBUG	Loading bootstrap scope from C:\Program Files\Mozilla Firefox\browser\features\formautofill@mozilla.org.xpi
1540882441534	addons.xpi	DEBUG	Calling bootstrap method install on formautofill@mozilla.org version 1.0
1540882441534	addons.xpi-utils	DEBUG	Make addon app-system-defaults:formautofill@mozilla.org visible
1540882441534	addons.xpi	DEBUG	Updating XPIState for {"id":"formautofill@mozilla.org","syncGUID":"{d2f7e4f5-e78c-43c2-85a5-dcfb15438fd2}","version":"1.0","type":"webextension","updateURL":null,"optionsURL":null,"optionsType":null,"optionsBrowserStyle":true,"aboutURL":null,"defaultLocale":{"name":"Form Autofill","creator":null,"developers":null,"translators":null,"contributors":null},"visible":true,"active":false,"userDisabled":false,"appDisabled":false,"installDate":1539899808951,"updateDate":1539899808951,"applyBackgroundUpdates":1,"path":"C:\\Program Files\\Mozilla Firefox\\browser\\features\\formautofill@mozilla.org.xpi","skinnable":false,"sourceURI":null,"releaseNotesURI":null,"softDisabled":false,"foreignInstall":false,"strictCompatibility":true,"locales":[],"targetApplications":[{"id":"toolkit@mozilla.org","minVersion":null,"maxVersion":null}],"targetPlatforms":[],"seen":true,"dependencies":[],"hasEmbeddedWebExtension":false,"userPermissions":{"permissions":[],"origins":[]},"icons":{},"iconURL":null,"icon64URL":null,"blocklistState":0,"blocklistURL":null,"startupData":null,"hidden":true,"location":"app-system-defaults"}
1540882441535	addons.manager	DEBUG	Registering startup change 'installed' for onboarding@mozilla.org
1540882441535	addons.xpi	DEBUG	Loading bootstrap scope from C:\Program Files\Mozilla Firefox\browser\features\onboarding@mozilla.org.xpi
1540882441537	addons.xpi	DEBUG	Calling bootstrap method install on onboarding@mozilla.org version 1.0
1540882441537	addons.xpi-utils	DEBUG	Make addon app-system-defaults:onboarding@mozilla.org visible
1540882441537	addons.xpi	DEBUG	Updating XPIState for {"id":"onboarding@mozilla.org","syncGUID":"{1fb55b85-6c55-4a2d-a603-1bf5d8b6dd70}","version":"1.0","type":"extension","defaultLocale":{"name":"Photon onboarding","description":"Photon onboarding"},"visible":true,"active":false,"userDisabled":false,"appDisabled":false,"installDate":1539899808954,"updateDate":1539899808954,"applyBackgroundUpdates":1,"path":"C:\\Program Files\\Mozilla Firefox\\browser\\features\\onboarding@mozilla.org.xpi","skinnable":false,"sourceURI":null,"releaseNotesURI":null,"softDisabled":false,"foreignInstall":false,"strictCompatibility":false,"locales":[],"targetApplications":[{"id":"{ec8030f7-c20a-464f-9b0e-13a3a9e97384}","minVersion":"63.0","maxVersion":"63.*"}],"targetPlatforms":[],"seen":true,"dependencies":[],"hasEmbeddedWebExtension":false,"userPermissions":null,"icons":{},"blocklistState":0,"blocklistURL":null,"startupData":null,"hidden":true,"location":"app-system-defaults"}
1540882441537	addons.manager	DEBUG	Registering startup change 'installed' for screenshots@mozilla.org
1540882441537	addons.xpi	DEBUG	Loading bootstrap scope from C:\Program Files\Mozilla Firefox\browser\features\screenshots@mozilla.org.xpi
1540882441539	addons.xpi	DEBUG	Calling bootstrap method install on screenshots@mozilla.org version 33.0.0
1540882441539	addons.xpi-utils	DEBUG	Make addon app-system-defaults:screenshots@mozilla.org visible
1540882441539	addons.xpi	DEBUG	Updating XPIState for {"id":"screenshots@mozilla.org","syncGUID":"{a7b3efac-ca8b-4101-ac81-622458b094ee}","version":"33.0.0","type":"extension","defaultLocale":{"name":"Firefox Screenshots","homepageURL":"https://screenshots.firefox.com/"},"visible":true,"active":false,"userDisabled":false,"appDisabled":false,"installDate":1539899808960,"updateDate":1539899808960,"applyBackgroundUpdates":1,"path":"C:\\Program Files\\Mozilla Firefox\\browser\\features\\screenshots@mozilla.org.xpi","skinnable":false,"sourceURI":null,"releaseNotesURI":null,"softDisabled":false,"foreignInstall":false,"strictCompatibility":false,"locales":[],"targetApplications":[{"id":"{ec8030f7-c20a-464f-9b0e-13a3a9e97384}","minVersion":"57.0a1","maxVersion":"*"}],"targetPlatforms":[],"seen":true,"dependencies":[],"hasEmbeddedWebExtension":false,"userPermissions":null,"icons":{},"blocklistState":0,"blocklistURL":null,"startupData":null,"hidden":true,"location":"app-system-defaults"}
1540882441540	addons.manager	DEBUG	Registering startup change 'installed' for webcompat-reporter@mozilla.org
1540882441540	addons.xpi	DEBUG	Loading bootstrap scope from C:\Program Files\Mozilla Firefox\browser\features\webcompat-reporter@mozilla.org.xpi
1540882441541	addons.xpi	DEBUG	Calling bootstrap method install on webcompat-reporter@mozilla.org version 1.0.0
1540882441541	addons.xpi-utils	DEBUG	Make addon app-system-defaults:webcompat-reporter@mozilla.org visible
1540882441542	addons.xpi	DEBUG	Updating XPIState for {"id":"webcompat-reporter@mozilla.org","syncGUID":"{cba3ce54-4e75-44fd-b088-c128e496d0fb}","version":"1.0.0","type":"extension","defaultLocale":{"name":"WebCompat Reporter","description":"Report site compatibility issues on webcompat.com."},"visible":true,"active":false,"userDisabled":false,"appDisabled":false,"installDate":1539899808960,"updateDate":1539899808960,"applyBackgroundUpdates":1,"path":"C:\\Program Files\\Mozilla Firefox\\browser\\features\\webcompat-reporter@mozilla.org.xpi","skinnable":false,"sourceURI":null,"releaseNotesURI":null,"softDisabled":false,"foreignInstall":false,"strictCompatibility":false,"locales":[],"targetApplications":[{"id":"{ec8030f7-c20a-464f-9b0e-13a3a9e97384}","minVersion":"63.0","maxVersion":"63.*"}],"targetPlatforms":[],"seen":true,"dependencies":[],"hasEmbeddedWebExtension":false,"userPermissions":null,"icons":{},"blocklistState":0,"blocklistURL":null,"startupData":null,"hidden":true,"location":"app-system-defaults"}
1540882441542	addons.manager	DEBUG	Registering startup change 'installed' for webcompat@mozilla.org
1540882441542	addons.xpi	DEBUG	Loading bootstrap scope from C:\Program Files\Mozilla Firefox\browser\features\webcompat@mozilla.org.xpi
1540882441544	addons.xpi	DEBUG	Calling bootstrap method install on webcompat@mozilla.org version 2.0.1
1540882441544	addons.xpi-utils	DEBUG	Make addon app-system-defaults:webcompat@mozilla.org visible
1540882441544	addons.xpi	DEBUG	Updating XPIState for {"id":"webcompat@mozilla.org","syncGUID":"{2692c346-7866-4569-8f51-0a52d9811e39}","version":"2.0.1","type":"extension","defaultLocale":{"name":"Web Compat","description":"Urgent post-release fixes for web compatibility."},"visible":true,"active":false,"userDisabled":false,"appDisabled":false,"installDate":1539899808961,"updateDate":1539899808961,"applyBackgroundUpdates":1,"path":"C:\\Program Files\\Mozilla Firefox\\browser\\features\\webcompat@mozilla.org.xpi","skinnable":false,"sourceURI":null,"releaseNotesURI":null,"softDisabled":false,"foreignInstall":false,"strictCompatibility":false,"locales":[],"targetApplications":[{"id":"{ec8030f7-c20a-464f-9b0e-13a3a9e97384}","minVersion":"63.0","maxVersion":"63.*"},{"id":"{aa3c5121-dab2-40e2-81ca-7ea25febc110}","minVersion":"63.0","maxVersion":"63.*"}],"targetPlatforms":[],"seen":true,"dependencies":[],"hasEmbeddedWebExtension":true,"userPermissions":null,"icons":{},"blocklistState":0,"blocklistURL":null,"startupData":null,"hidden":true,"location":"app-system-defaults"}
1540882441544	addons.xpi	DEBUG	Updating XPIState for {"id":"aushelper@mozilla.org","syncGUID":"{136230ef-891a-47d6-9cfa-03850fe8df53}","version":"2.0","type":"extension","defaultLocale":{"name":"Application Update Service Helper","description":"Sets value(s) in the update url based on custom checks."},"visible":true,"active":true,"userDisabled":false,"appDisabled":false,"installDate":1539899808944,"updateDate":1539899808944,"applyBackgroundUpdates":1,"path":"C:\\Program Files\\Mozilla Firefox\\browser\\features\\aushelper@mozilla.org.xpi","skinnable":false,"sourceURI":null,"releaseNotesURI":null,"softDisabled":false,"foreignInstall":false,"strictCompatibility":false,"locales":[],"targetApplications":[{"id":"{ec8030f7-c20a-464f-9b0e-13a3a9e97384}","minVersion":"63.0","maxVersion":"63.*"}],"targetPlatforms":[],"seen":true,"dependencies":[],"hasEmbeddedWebExtension":false,"userPermissions":null,"icons":{},"blocklistState":0,"blocklistURL":null,"startupData":null,"hidden":true,"location":"app-system-defaults"}
1540882441545	addons.xpi	DEBUG	Updating XPIState for {"id":"firefox@getpocket.com","syncGUID":"{93853ea9-0da3-4f90-878a-ac930ef596df}","version":"1.0.5","type":"extension","defaultLocale":{"name":"Pocket","description":"When you find something you want to view later, put it in Pocket."},"visible":true,"active":true,"userDisabled":false,"appDisabled":false,"installDate":1539899808948,"updateDate":1539899808948,"applyBackgroundUpdates":1,"path":"C:\\Program Files\\Mozilla Firefox\\browser\\features\\firefox@getpocket.com.xpi","skinnable":false,"sourceURI":null,"releaseNotesURI":null,"softDisabled":false,"foreignInstall":false,"strictCompatibility":false,"locales":[],"targetApplications":[{"id":"{ec8030f7-c20a-464f-9b0e-13a3a9e97384}","minVersion":"63.0","maxVersion":"63.*"}],"targetPlatforms":[],"seen":true,"dependencies":[],"hasEmbeddedWebExtension":false,"userPermissions":null,"icons":{},"blocklistState":0,"blocklistURL":null,"startupData":null,"hidden":true,"location":"app-system-defaults"}
1540882441545	addons.xpi	DEBUG	Updating XPIState for {"id":"formautofill@mozilla.org","syncGUID":"{d2f7e4f5-e78c-43c2-85a5-dcfb15438fd2}","version":"1.0","type":"webextension","updateURL":null,"optionsURL":null,"optionsType":null,"optionsBrowserStyle":true,"aboutURL":null,"defaultLocale":{"name":"Form Autofill","creator":null,"developers":null,"translators":null,"contributors":null},"visible":true,"active":true,"userDisabled":false,"appDisabled":false,"installDate":1539899808951,"updateDate":1539899808951,"applyBackgroundUpdates":1,"path":"C:\\Program Files\\Mozilla Firefox\\browser\\features\\formautofill@mozilla.org.xpi","skinnable":false,"sourceURI":null,"releaseNotesURI":null,"softDisabled":false,"foreignInstall":false,"strictCompatibility":true,"locales":[],"targetApplications":[{"id":"toolkit@mozilla.org","minVersion":null,"maxVersion":null}],"targetPlatforms":[],"seen":true,"dependencies":[],"hasEmbeddedWebExtension":false,"userPermissions":{"permissions":[],"origins":[]},"icons":{},"iconURL":null,"icon64URL":null,"blocklistState":0,"blocklistURL":null,"startupData":null,"hidden":true,"location":"app-system-defaults"}
1540882441545	addons.xpi	DEBUG	Updating XPIState for {"id":"onboarding@mozilla.org","syncGUID":"{1fb55b85-6c55-4a2d-a603-1bf5d8b6dd70}","version":"1.0","type":"extension","defaultLocale":{"name":"Photon onboarding","description":"Photon onboarding"},"visible":true,"active":true,"userDisabled":false,"appDisabled":false,"installDate":1539899808954,"updateDate":1539899808954,"applyBackgroundUpdates":1,"path":"C:\\Program Files\\Mozilla Firefox\\browser\\features\\onboarding@mozilla.org.xpi","skinnable":false,"sourceURI":null,"releaseNotesURI":null,"softDisabled":false,"foreignInstall":false,"strictCompatibility":false,"locales":[],"targetApplications":[{"id":"{ec8030f7-c20a-464f-9b0e-13a3a9e97384}","minVersion":"63.0","maxVersion":"63.*"}],"targetPlatforms":[],"seen":true,"dependencies":[],"hasEmbeddedWebExtension":false,"userPermissions":null,"icons":{},"blocklistState":0,"blocklistURL":null,"startupData":null,"hidden":true,"location":"app-system-defaults"}
1540882441545	addons.xpi	DEBUG	Updating XPIState for {"id":"screenshots@mozilla.org","syncGUID":"{a7b3efac-ca8b-4101-ac81-622458b094ee}","version":"33.0.0","type":"extension","defaultLocale":{"name":"Firefox Screenshots","homepageURL":"https://screenshots.firefox.com/"},"visible":true,"active":true,"userDisabled":false,"appDisabled":false,"installDate":1539899808960,"updateDate":1539899808960,"applyBackgroundUpdates":1,"path":"C:\\Program Files\\Mozilla Firefox\\browser\\features\\screenshots@mozilla.org.xpi","skinnable":false,"sourceURI":null,"releaseNotesURI":null,"softDisabled":false,"foreignInstall":false,"strictCompatibility":false,"locales":[],"targetApplications":[{"id":"{ec8030f7-c20a-464f-9b0e-13a3a9e97384}","minVersion":"57.0a1","maxVersion":"*"}],"targetPlatforms":[],"seen":true,"dependencies":[],"hasEmbeddedWebExtension":false,"userPermissions":null,"icons":{},"blocklistState":0,"blocklistURL":null,"startupData":null,"hidden":true,"location":"app-system-defaults"}
1540882441545	addons.xpi	DEBUG	Updating XPIState for {"id":"webcompat-reporter@mozilla.org","syncGUID":"{cba3ce54-4e75-44fd-b088-c128e496d0fb}","version":"1.0.0","type":"extension","defaultLocale":{"name":"WebCompat Reporter","description":"Report site compatibility issues on webcompat.com."},"visible":true,"active":true,"userDisabled":false,"appDisabled":false,"installDate":1539899808960,"updateDate":1539899808960,"applyBackgroundUpdates":1,"path":"C:\\Program Files\\Mozilla Firefox\\browser\\features\\webcompat-reporter@mozilla.org.xpi","skinnable":false,"sourceURI":null,"releaseNotesURI":null,"softDisabled":false,"foreignInstall":false,"strictCompatibility":false,"locales":[],"targetApplications":[{"id":"{ec8030f7-c20a-464f-9b0e-13a3a9e97384}","minVersion":"63.0","maxVersion":"63.*"}],"targetPlatforms":[],"seen":true,"dependencies":[],"hasEmbeddedWebExtension":false,"userPermissions":null,"icons":{},"blocklistState":0,"blocklistURL":null,"startupData":null,"hidden":true,"location":"app-system-defaults"}
1540882441545	addons.xpi	DEBUG	Updating XPIState for {"id":"webcompat@mozilla.org","syncGUID":"{2692c346-7866-4569-8f51-0a52d9811e39}","version":"2.0.1","type":"extension","defaultLocale":{"name":"Web Compat","description":"Urgent post-release fixes for web compatibility."},"visible":true,"active":true,"userDisabled":false,"appDisabled":false,"installDate":1539899808961,"updateDate":1539899808961,"applyBackgroundUpdates":1,"path":"C:\\Program Files\\Mozilla Firefox\\browser\\features\\webcompat@mozilla.org.xpi","skinnable":false,"sourceURI":null,"releaseNotesURI":null,"softDisabled":false,"foreignInstall":false,"strictCompatibility":false,"locales":[],"targetApplications":[{"id":"{ec8030f7-c20a-464f-9b0e-13a3a9e97384}","minVersion":"63.0","maxVersion":"63.*"},{"id":"{aa3c5121-dab2-40e2-81ca-7ea25febc110}","minVersion":"63.0","maxVersion":"63.*"}],"targetPlatforms":[],"seen":true,"dependencies":[],"hasEmbeddedWebExtension":true,"userPermissions":null,"icons":{},"blocklistState":0,"blocklistURL":null,"startupData":null,"hidden":true,"location":"app-system-defaults"}
1540882441545	addons.xpi-utils	DEBUG	Updating add-on states
1540882441547	addons.xpi	DEBUG	Registering manifest for C:\Program Files\Mozilla Firefox\browser\features\aushelper@mozilla.org.xpi
1540882441548	addons.xpi	DEBUG	Calling bootstrap method startup on aushelper@mozilla.org version 2.0
1540882441549	addons.xpi	DEBUG	Registering manifest for C:\Program Files\Mozilla Firefox\browser\features\firefox@getpocket.com.xpi
1540882441550	addons.xpi	DEBUG	Calling bootstrap method startup on firefox@getpocket.com version 1.0.5
1540882441555	addons.xpi	DEBUG	Calling bootstrap method startup on formautofill@mozilla.org version 1.0
1540882441556	addons.xpi	DEBUG	Registering manifest for C:\Program Files\Mozilla Firefox\browser\features\onboarding@mozilla.org.xpi
1540882441557	addons.xpi	DEBUG	Calling bootstrap method startup on onboarding@mozilla.org version 1.0
1540882441557	addons.xpi	DEBUG	Registering manifest for C:\Program Files\Mozilla Firefox\browser\features\screenshots@mozilla.org.xpi
1540882441558	addons.xpi	DEBUG	Calling bootstrap method startup on screenshots@mozilla.org version 33.0.0
1540882441558	addons.xpi	DEBUG	Registering manifest for C:\Program Files\Mozilla Firefox\browser\features\webcompat-reporter@mozilla.org.xpi
1540882441558	addons.xpi	DEBUG	Calling bootstrap method startup on webcompat-reporter@mozilla.org version 1.0.0
1540882441558	addons.xpi	DEBUG	Registering manifest for C:\Program Files\Mozilla Firefox\browser\features\webcompat@mozilla.org.xpi
1540882441560	addons.xpi	DEBUG	Calling bootstrap method startup on webcompat@mozilla.org version 2.0.1
1540882441561	addons.manager	DEBUG	Registering shutdown blocker for XPIProvider
1540882441561	addons.manager	DEBUG	Provider finished startup: XPIProvider
1540882441561	addons.manager	DEBUG	Starting provider: LightweightThemeManager
1540882441561	addons.manager	DEBUG	Registering shutdown blocker for LightweightThemeManager
1540882441562	addons.manager	DEBUG	Provider finished startup: LightweightThemeManager
1540882441562	addons.manager	DEBUG	Starting provider: GMPProvider
1540882441568	addons.manager	DEBUG	Registering shutdown blocker for GMPProvider
1540882441568	addons.manager	DEBUG	Provider finished startup: GMPProvider
1540882441568	addons.manager	DEBUG	Starting provider: PluginProvider
1540882441568	addons.manager	DEBUG	Registering shutdown blocker for PluginProvider
1540882441568	addons.manager	DEBUG	Provider finished startup: PluginProvider
1540882441571	addons.manager	DEBUG	Completed startup sequence
1540882441579	Marionette	DEBUG	Received observer notification profile-after-change
1540882441677	Marionette	DEBUG	Received observer notification toplevel-window-ready
1540882441702	Marionette	DEBUG	Received observer notification command-line-startup
1540882441702	Marionette	DEBUG	Received observer notification nsPref:changed
1540882441702	Marionette	DEBUG	Init aborted (running=false, enabled=true, finalUIStartup=false)
1540882441742	Marionette	DEBUG	Received observer notification toplevel-window-ready
1540882441890	addons.repository	DEBUG	No addons.json found.
1540882442788	addons.manager	DEBUG	Registering upgrade listener for formautofill@mozilla.org
1540882442798	Marionette	DEBUG	Received observer notification sessionstore-windows-restored
1540882442799	Marionette	DEBUG	Waiting for delayed startup...
1540882442819	addons.xpi	DEBUG	Existing add-on aushelper@mozilla.org in app-system-defaults
1540882442820	addons.xpi	DEBUG	Existing add-on firefox@getpocket.com in app-system-defaults
1540882442820	addons.xpi	DEBUG	Existing add-on formautofill@mozilla.org in app-system-defaults
1540882442820	addons.xpi	DEBUG	Existing add-on onboarding@mozilla.org in app-system-defaults
1540882442820	addons.xpi	DEBUG	Existing add-on screenshots@mozilla.org in app-system-defaults
1540882442820	addons.xpi	DEBUG	Existing add-on webcompat-reporter@mozilla.org in app-system-defaults
1540882442821	addons.xpi	DEBUG	Existing add-on webcompat@mozilla.org in app-system-defaults
1540882442821	addons.xpi	DEBUG	scanForChanges changed: false, state: {}
1540882442886	Marionette	DEBUG	Setting recommended pref app.update.disabledForTesting to true
1540882442887	Marionette	DEBUG	Setting recommended pref security.turn_off_all_security_so_that_viruses_can_take_over_this_computer to true
1540882442887	Marionette	DEBUG	Setting recommended pref apz.content_response_timeout to 60000
1540882442887	Marionette	DEBUG	Setting recommended pref browser.download.panel.shown to true
1540882442887	Marionette	DEBUG	Setting recommended pref browser.pagethumbnails.capturing_disabled to true
1540882442887	Marionette	DEBUG	Setting recommended pref toolkit.cosmeticAnimations.enabled to false
1540882442888	Marionette	DEBUG	Setting recommended pref browser.tabs.disableBackgroundZombification to false
1540882442888	Marionette	DEBUG	Setting recommended pref browser.tabs.warnOnCloseOtherTabs to false
1540882442888	Marionette	DEBUG	Setting recommended pref browser.urlbar.suggest.searches to false
1540882442888	Marionette	DEBUG	Setting recommended pref datareporting.policy.dataSubmissionPolicyAccepted to false
1540882442888	Marionette	DEBUG	Setting recommended pref dom.disable_beforeunload to true
1540882442888	Marionette	DEBUG	Setting recommended pref dom.file.createInChild to true
1540882442888	Marionette	DEBUG	Setting recommended pref extensions.getAddons.cache.enabled to false
1540882442888	Marionette	DEBUG	Setting recommended pref extensions.webservice.discoverURL to http://%(server)s/dummy/discoveryURL
1540882442888	Marionette	DEBUG	Setting recommended pref network.http.prompt-temp-redirect to false
1540882442888	Marionette	DEBUG	Setting recommended pref network.http.speculative-parallel-limit to 0
1540882442888	Marionette	DEBUG	Setting recommended pref security.notification_enable_delay to 0
1540882442888	Marionette	DEBUG	Setting recommended pref signon.autofillForms to false
1540882442926	Marionette	INFO	Listening on port 56843
1540882442927	Marionette	DEBUG	Remote service is active
1540882443255	Marionette	DEBUG	Accepted connection 0 from 127.0.0.1:56853
1540882443259	Marionette	TRACE	0 -> [0,1,"WebDriver:NewSession",{"acceptInsecureCerts":true,"browserName":"firefox","capabilities":{"desiredCapabilities":{"acceptInsecureCerts":true,"browserName":"firefox"}}}]
1540882443259	Marionette	WARN	TLS certificate errors will be ignored for this session
1540882443298	Marionette	DEBUG	[6442450945] Frame script loaded
1540882443307	Marionette	DEBUG	[6442450945] Frame script registered
1540882443309	Marionette	TRACE	0 <- [1,1,null,{"sessionId":"95f7391b-8320-49e3-b987-a0f64bded5a5","capabilities":{"browserName":"firefox","browserVersion":"63.0" ... alse,"moz:webdriverClick":true,"capabilities":{"desiredCapabilities":{"acceptInsecureCerts":true,"browserName":"firefox"}}}}]
1540882443433	Marionette	TRACE	0 -> [0,2,"WebDriver:Navigate",{"url":"https://httpbin.org/get?show_env=1"}]
1540882443591	Marionette	DEBUG	[6442450945] Received DOM event beforeunload for about:blank
1540882444624	Marionette	DEBUG	[6442450945] Received DOM event pagehide for about:blank
1540882444654	Marionette	DEBUG	[6442450945] Received DOM event DOMContentLoaded for https://httpbin.org/get?show_env=1
1540882444675	Marionette	DEBUG	[6442450945] Received DOM event pageshow for https://httpbin.org/get?show_env=1
1540882444677	Marionette	TRACE	0 <- [1,2,null,{"value":null}]
1540882444685	Marionette	TRACE	0 -> [0,3,"WebDriver:FindElement",{"using":"xpath","value":"//*"}]
1540882444698	Marionette	TRACE	0 <- [1,3,null,{"value":{"element-6066-11e4-a52e-4f735466cecf":"60691b41-df42-4542-a060-6bd4c0828415"}}]
1540882444702	Marionette	TRACE	0 -> [0,4,"WebDriver:ExecuteScript",{"args":[{"ELEMENT":"60691b41-df42-4542-a060-6bd4c0828415","element-6066-11e4-a52e-4f735466cec ... dow!='undefined'?window.document:null}, arguments);}\n).apply(null, arguments);","scriptTimeout":null,"specialPowers":false}]
1540882444711	Marionette	TRACE	0 <- [1,4,null,{"value":"<html platform=\"win\" class=\"theme-light\" dir=\"ltr\"><head><meta http-equiv=\"Content-Security-Policy ... lient-jsonview/lib/require.js\" data-main=\"resource://devtools-client-jsonview/viewer-config.js\"></script></body></html>"}]
	DEBUG	Existing add-on webcompat-reporter@mozilla.org in app-system-defaults
1540868858710	addons.xpi	DEBUG	Existing add-on webcompat@mozilla.org in app-system-defaults
1540868858710	addons.xpi	DEBUG	getInstallState changed: false, state: {}
1540868858824	Marionette	INFO	Listening on port 55387
1540868859234	Marionette	WARN	TLS certificate errors will be ignored for this session
